2025-10-20 08:18:27,616 [INFO] Activator:176 - 


2025-10-20 08:18:27,623 [INFO] Activator:177 - !SESSION log4j initialized
2025-10-20 08:18:32,323 [INFO] LogOutputStream:77 - [STDOUT_REDIRECT] 
2025-10-20 08:18:37,835 [INFO] ApplicationProperties:184 - Using Application install path: C:\ST\STM32CubeIDE_1.8.0\STM32CubeIDE\plugins\com.st.stm32cube.common.mx_6.15.0.202507011659
2025-10-20 08:18:37,853 [INFO] DbMcusXml:78 - Set database path to: C:\ST\STM32CubeIDE_1.8.0\STM32CubeIDE\plugins\com.st.stm32cube.common.mx_6.15.0.202507011659\\db\/mcu/
2025-10-20 08:18:37,853 [INFO] ApiDb:274 - Set plugin database path to: C:\ST\STM32CubeIDE_1.8.0\STM32CubeIDE\plugins\com.st.stm32cube.common.mx_6.15.0.202507011659\\db\/plugins/boardmanager/
2025-10-20 08:18:37,854 [WARN] ApiDb:259 - Overriding images path with different value:  => C:\ST\STM32CubeIDE_1.8.0\STM32CubeIDE\plugins\com.st.stm32cube.common.mx_6.15.0.202507011659\\db\/plugins/mcufinder/images/
2025-10-20 08:18:37,862 [INFO] ApiDb:250 - Set database path to: C:\Users\AW\.stmcufinder\plugins\mcufinder//mcu/
2025-10-20 08:18:37,863 [INFO] DbMcusAds:125 - Set database path to: C:\Users\AW\.stmcufinder\plugins\mcufinder//mcu/
2025-10-20 08:18:37,866 [INFO] CrossReferenceDbSqlite:203 - Set database path to: C:\Users\AW\.stmcufinder\plugins\mcufinder//mcu/cs/
2025-10-20 08:18:37,967 [INFO] RulesReader:64 - Compatibility file has been processed (317 Rules)
2025-10-20 08:18:38,033 [INFO] DbMcusXml:78 - Set database path to: C:\ST\STM32CubeIDE_1.8.0\STM32CubeIDE\plugins\com.st.stm32cube.common.mx_6.15.0.202507011659\\db\/mcu/
2025-10-20 08:18:38,033 [INFO] ApiDb:274 - Set plugin database path to: C:\ST\STM32CubeIDE_1.8.0\STM32CubeIDE\plugins\com.st.stm32cube.common.mx_6.15.0.202507011659\\db\/plugins/boardmanager/
2025-10-20 08:18:38,034 [INFO] ApiDb:261 - Set plugin images path to: C:\ST\STM32CubeIDE_1.8.0\STM32CubeIDE\plugins\com.st.stm32cube.common.mx_6.15.0.202507011659\\db\/plugins/mcufinder/images/
2025-10-20 08:18:38,034 [WARN] DbFile:41 - Overriding database path with different value: C:\Users\AW\.stmcufinder\plugins\mcufinder/ => C:\Users\AW\.stmcufinder\plugins\mcufinder
2025-10-20 08:18:38,034 [INFO] ApiDb:250 - Set database path to: C:\Users\AW\.stmcufinder\plugins\mcufinder//mcu/
2025-10-20 08:18:38,034 [WARN] DbFile:41 - Overriding database path with different value: C:\Users\AW\.stmcufinder\plugins\mcufinder/ => C:\Users\AW\.stmcufinder\plugins\mcufinder
2025-10-20 08:18:38,034 [INFO] DbMcusAds:125 - Set database path to: C:\Users\AW\.stmcufinder\plugins\mcufinder//mcu/
2025-10-20 08:18:38,034 [WARN] DbFile:41 - Overriding database path with different value: C:\Users\AW\.stmcufinder\plugins\mcufinder/ => C:\Users\AW\.stmcufinder\plugins\mcufinder
2025-10-20 08:18:38,034 [WARN] DbFile:41 - Overriding database path with different value: C:\Users\AW\.stmcufinder\plugins\mcufinder/ => C:\Users\AW\.stmcufinder\plugins\mcufinder
2025-10-20 08:18:38,034 [INFO] CrossReferenceDbSqlite:203 - Set database path to: C:\Users\AW\.stmcufinder\plugins\mcufinder//mcu/cs/
2025-10-20 08:18:38,103 [INFO] MainPanel:274 - HeapMemory: 268435456
2025-10-20 08:18:38,223 [INFO] DbMcusXml:78 - Set database path to: C:\ST\STM32CubeIDE_1.8.0\STM32CubeIDE\plugins\com.st.stm32cube.common.mx_6.15.0.202507011659\\db\/mcu/
2025-10-20 08:18:38,224 [INFO] ApiDb:274 - Set plugin database path to: C:\ST\STM32CubeIDE_1.8.0\STM32CubeIDE\plugins\com.st.stm32cube.common.mx_6.15.0.202507011659\\db\/plugins/boardmanager/
2025-10-20 08:18:38,224 [INFO] ApiDb:261 - Set plugin images path to: C:\ST\STM32CubeIDE_1.8.0\STM32CubeIDE\plugins\com.st.stm32cube.common.mx_6.15.0.202507011659\\db\/plugins/mcufinder/images/
2025-10-20 08:18:38,225 [WARN] DbFile:41 - Overriding database path with different value: C:\Users\AW\.stmcufinder\plugins\mcufinder/ => C:\Users\AW\.stmcufinder\plugins\mcufinder
2025-10-20 08:18:38,225 [INFO] ApiDb:250 - Set database path to: C:\Users\AW\.stmcufinder\plugins\mcufinder//mcu/
2025-10-20 08:18:38,225 [WARN] DbFile:41 - Overriding database path with different value: C:\Users\AW\.stmcufinder\plugins\mcufinder/ => C:\Users\AW\.stmcufinder\plugins\mcufinder
2025-10-20 08:18:38,225 [INFO] DbMcusAds:125 - Set database path to: C:\Users\AW\.stmcufinder\plugins\mcufinder//mcu/
2025-10-20 08:18:38,225 [WARN] DbFile:41 - Overriding database path with different value: C:\Users\AW\.stmcufinder\plugins\mcufinder/ => C:\Users\AW\.stmcufinder\plugins\mcufinder
2025-10-20 08:18:38,226 [WARN] DbFile:41 - Overriding database path with different value: C:\Users\AW\.stmcufinder\plugins\mcufinder/ => C:\Users\AW\.stmcufinder\plugins\mcufinder
2025-10-20 08:18:38,226 [INFO] CrossReferenceDbSqlite:203 - Set database path to: C:\Users\AW\.stmcufinder\plugins\mcufinder//mcu/cs/
2025-10-20 08:18:38,245 [INFO] ApplicationProperties:184 - Using Application install path: C:\ST\STM32CubeIDE_1.8.0\STM32CubeIDE\plugins\com.st.stm32cube.common.mx_6.15.0.202507011659
2025-10-20 08:18:38,247 [INFO] PluginManage:196 - Search for loadable plugins [exclusion list=, ]
2025-10-20 08:18:38,248 [INFO] PluginManage:310 - Check plugin analytics
2025-10-20 08:18:42,942 [INFO] AnalyticsPlugin:253 - Accepted Software Licenses: 
2025-10-20 08:18:42,942 [INFO] AnalyticsPlugin:255 - Accepted CMSIS Pack Licenses: 
2025-10-20 08:18:42,942 [INFO] AnalyticsPlugin:257 - Accepted Firmware Licenses: FW.F7.1.17.0,FW.F4.1.28.0
2025-10-20 08:18:42,945 [INFO] PluginManage:359 - Loaded plugin analytics (category:tool,tabindex:-1)
2025-10-20 08:18:42,946 [INFO] PluginManage:310 - Check plugin cadmodel
2025-10-20 08:18:42,953 [INFO] CADModel:105 - Init CAD model plugin
2025-10-20 08:18:42,953 [INFO] PluginManage:359 - Loaded plugin cadmodel (category:power,tabindex:5)
2025-10-20 08:18:42,953 [INFO] PluginManage:310 - Check plugin clock
2025-10-20 08:18:42,962 [INFO] PluginManage:359 - Loaded plugin clock (category:base,tabindex:2)
2025-10-20 08:18:42,963 [INFO] PluginManage:310 - Check plugin ddr
2025-10-20 08:18:42,965 [INFO] PluginManage:359 - Loaded plugin ddr (category:tool,tabindex:6)
2025-10-20 08:18:42,965 [INFO] PluginManage:310 - Check plugin filemanager
2025-10-20 08:18:43,100 [INFO] PluginManage:359 - Loaded plugin filemanager (category:base,tabindex:10)
2025-10-20 08:18:43,100 [INFO] PluginManage:310 - Check plugin ipmanager
2025-10-20 08:18:43,107 [INFO] PluginManage:359 - Loaded plugin ipmanager (category:base,tabindex:5)
2025-10-20 08:18:43,107 [INFO] PluginManage:310 - Check plugin lpbam
2025-10-20 08:18:43,114 [INFO] PluginManage:359 - Loaded plugin lpbam (category:base,tabindex:0)
2025-10-20 08:18:43,114 [INFO] PluginManage:310 - Check plugin memorymap
2025-10-20 08:18:43,128 [INFO] PluginManage:359 - Loaded plugin memorymap (category:base,tabindex:4)
2025-10-20 08:18:43,128 [INFO] PluginManage:310 - Check plugin pinoutandconfiguration
2025-10-20 08:18:43,136 [INFO] PluginManage:359 - Loaded plugin pinoutandconfiguration (category:base,tabindex:1)
2025-10-20 08:18:43,136 [INFO] PluginManage:310 - Check plugin pinoutconfig
2025-10-20 08:18:43,219 [WARN] SupportedApi:132 - Cannot load RTOS API schema: s4s-elt-must-match.1: The content of 'definitions' must match (annotation?, (simpleType | complexType)?, (unique | key | keyref)*)). A problem was found starting at: attribute.
2025-10-20 08:18:43,348 [INFO] PluginManage:359 - Loaded plugin pinoutconfig (category:base,tabindex:0)
2025-10-20 08:18:43,348 [INFO] PluginManage:310 - Check plugin power
2025-10-20 08:18:43,361 [INFO] PluginManage:359 - Loaded plugin power (category:power,tabindex:4)
2025-10-20 08:18:43,361 [INFO] PluginManage:310 - Check plugin projectmanager
2025-10-20 08:18:43,375 [INFO] PluginManage:359 - Loaded plugin projectmanager (category:projectmanager,tabindex:4)
2025-10-20 08:18:43,375 [INFO] PluginManage:310 - Check plugin rif
2025-10-20 08:18:43,386 [INFO] PluginManage:359 - Loaded plugin rif (category:base,tabindex:3)
2025-10-20 08:18:43,386 [INFO] PluginManage:310 - Check plugin thirdparty
2025-10-20 08:18:43,510 [INFO] PluginManage:359 - Loaded plugin thirdparty (category:base,tabindex:-1)
2025-10-20 08:18:43,509 [WARN] IntegrityCheckThread:84 - waiting for thirdparty lock release [integrity check]
2025-10-20 08:18:43,510 [INFO] PluginManage:310 - Check plugin tools
2025-10-20 08:18:43,510 [INFO] IntegrityCheckThread:86 - entering critical section [integrity check]
2025-10-20 08:18:43,510 [INFO] ThirdPartyUpdaterWithRetryManager:70 - Updater plugin not ready yet. [1/15]
2025-10-20 08:18:43,512 [INFO] PluginManage:359 - Loaded plugin tools (category:base,tabindex:7)
2025-10-20 08:18:43,512 [INFO] PluginManage:310 - Check plugin tutovideos
2025-10-20 08:18:43,689 [INFO] PluginManage:359 - Loaded plugin tutovideos (category:base,tabindex:-1)
2025-10-20 08:18:43,689 [INFO] PluginManage:310 - Check plugin updater
2025-10-20 08:18:43,707 [INFO] PluginManage:359 - Loaded plugin updater (category:base,tabindex:12)
2025-10-20 08:18:43,707 [INFO] PluginManage:310 - Check plugin userauth
2025-10-20 08:18:43,711 [INFO] UserAuth:118 - Init User Auth plugin
2025-10-20 08:18:43,712 [INFO] PluginManage:359 - Loaded plugin userauth (category:base,tabindex:14)
2025-10-20 08:18:43,712 [INFO] PluginManage:283 - PluginManage : Loaded plugins [18]
2025-10-20 08:18:43,886 [INFO] PinOutPanel:1589 - setPackage(No Configuration,No Configuration)
2025-10-20 08:18:43,957 [INFO] CADModel:165 - CPN selected for project level
2025-10-20 08:18:43,957 [INFO] CADModel:114 - Register for checkConnection events
2025-10-20 08:18:43,974 [INFO] IPUIPlugin:80 - create IPUIPlugin
2025-10-20 08:18:43,974 [INFO] PluginManager:220 - loadIPPluginJar : add adc
2025-10-20 08:18:43,977 [INFO] IPUIPlugin:80 - create IPUIPlugin
2025-10-20 08:18:43,977 [INFO] PluginManager:220 - loadIPPluginJar : add aes
2025-10-20 08:18:43,979 [INFO] IPUIPlugin:80 - create IPUIPlugin
2025-10-20 08:18:43,980 [INFO] PluginManager:220 - loadIPPluginJar : add can
2025-10-20 08:18:43,981 [INFO] IPUIPlugin:80 - create IPUIPlugin
2025-10-20 08:18:43,981 [INFO] PluginManager:220 - loadIPPluginJar : add comp
2025-10-20 08:18:43,984 [INFO] IPUIPlugin:80 - create IPUIPlugin
2025-10-20 08:18:43,984 [INFO] PluginManager:220 - loadIPPluginJar : add cryp
2025-10-20 08:18:43,988 [INFO] IPUIPlugin:80 - create IPUIPlugin
2025-10-20 08:18:43,988 [INFO] PluginManager:220 - loadIPPluginJar : add ddr_ctrl_phy
2025-10-20 08:18:43,991 [INFO] IPUIPlugin:80 - create IPUIPlugin
2025-10-20 08:18:43,991 [INFO] PluginManager:220 - loadIPPluginJar : add dfsdm
2025-10-20 08:18:43,995 [INFO] IPUIPlugin:80 - create IPUIPlugin
2025-10-20 08:18:43,996 [INFO] PluginManager:220 - loadIPPluginJar : add dma
2025-10-20 08:18:43,998 [INFO] IPUIPlugin:80 - create IPUIPlugin
2025-10-20 08:18:43,999 [INFO] PluginManager:220 - loadIPPluginJar : add dma3
2025-10-20 08:18:44,001 [INFO] IPUIPlugin:80 - create IPUIPlugin
2025-10-20 08:18:44,001 [INFO] PluginManager:220 - loadIPPluginJar : add extmemmanager
2025-10-20 08:18:44,003 [INFO] IPUIPlugin:80 - create IPUIPlugin
2025-10-20 08:18:44,003 [INFO] PluginManager:220 - loadIPPluginJar : add fatfs
2025-10-20 08:18:44,007 [INFO] IPUIPlugin:80 - create IPUIPlugin
2025-10-20 08:18:44,007 [INFO] PluginManager:220 - loadIPPluginJar : add fmc
2025-10-20 08:18:44,018 [INFO] IPUIPlugin:80 - create IPUIPlugin
2025-10-20 08:18:44,018 [INFO] PluginManager:220 - loadIPPluginJar : add freertos
2025-10-20 08:18:44,020 [INFO] IPUIPlugin:80 - create IPUIPlugin
2025-10-20 08:18:44,020 [INFO] PluginManager:220 - loadIPPluginJar : add genericplugin
2025-10-20 08:18:44,022 [INFO] IPUIPlugin:80 - create IPUIPlugin
2025-10-20 08:18:44,022 [INFO] PluginManager:220 - loadIPPluginJar : add gfxmmu
2025-10-20 08:18:44,027 [INFO] IPUIPlugin:80 - create IPUIPlugin
2025-10-20 08:18:44,027 [INFO] PluginManager:220 - loadIPPluginJar : add gic
2025-10-20 08:18:44,031 [INFO] IPUIPlugin:80 - create IPUIPlugin
2025-10-20 08:18:44,031 [INFO] PluginManager:220 - loadIPPluginJar : add gpio
2025-10-20 08:18:44,033 [INFO] IPUIPlugin:80 - create IPUIPlugin
2025-10-20 08:18:44,033 [INFO] PluginManager:220 - loadIPPluginJar : add gtzc
2025-10-20 08:18:44,044 [INFO] IPUIPlugin:80 - create IPUIPlugin
2025-10-20 08:18:44,044 [INFO] PluginManager:220 - loadIPPluginJar : add hash
2025-10-20 08:18:44,047 [INFO] IPUIPlugin:80 - create IPUIPlugin
2025-10-20 08:18:44,047 [INFO] PluginManager:220 - loadIPPluginJar : add i2c
2025-10-20 08:18:44,049 [INFO] IPUIPlugin:80 - create IPUIPlugin
2025-10-20 08:18:44,049 [INFO] PluginManager:220 - loadIPPluginJar : add i2s
2025-10-20 08:18:44,051 [INFO] IPUIPlugin:80 - create IPUIPlugin
2025-10-20 08:18:44,051 [INFO] PluginManager:220 - loadIPPluginJar : add i3c
2025-10-20 08:18:44,054 [INFO] IPUIPlugin:80 - create IPUIPlugin
2025-10-20 08:18:44,054 [INFO] PluginManager:220 - loadIPPluginJar : add ipddr
2025-10-20 08:18:44,060 [INFO] IPUIPlugin:80 - create IPUIPlugin
2025-10-20 08:18:44,060 [INFO] PluginManager:220 - loadIPPluginJar : add linkedlist
2025-10-20 08:18:44,064 [INFO] IPUIPlugin:80 - create IPUIPlugin
2025-10-20 08:18:44,064 [INFO] PluginManager:220 - loadIPPluginJar : add lorawan
2025-10-20 08:18:44,066 [INFO] IPUIPlugin:80 - create IPUIPlugin
2025-10-20 08:18:44,066 [INFO] PluginManager:220 - loadIPPluginJar : add ltdc
2025-10-20 08:18:44,070 [INFO] IPUIPlugin:80 - create IPUIPlugin
2025-10-20 08:18:44,070 [INFO] PluginManager:220 - loadIPPluginJar : add mdma
2025-10-20 08:18:44,074 [INFO] IPUIPlugin:80 - create IPUIPlugin
2025-10-20 08:18:44,074 [INFO] PluginManager:220 - loadIPPluginJar : add nvic
2025-10-20 08:18:44,077 [INFO] IPUIPlugin:80 - create IPUIPlugin
2025-10-20 08:18:44,077 [INFO] PluginManager:220 - loadIPPluginJar : add opamp
2025-10-20 08:18:44,080 [INFO] IPUIPlugin:80 - create IPUIPlugin
2025-10-20 08:18:44,080 [INFO] PluginManager:220 - loadIPPluginJar : add openamp
2025-10-20 08:18:44,083 [INFO] IPUIPlugin:80 - create IPUIPlugin
2025-10-20 08:18:44,083 [INFO] PluginManager:220 - loadIPPluginJar : add pdm2pcm
2025-10-20 08:18:44,089 [INFO] IPUIPlugin:80 - create IPUIPlugin
2025-10-20 08:18:44,091 [INFO] PluginManager:220 - loadIPPluginJar : add plateformsettings
2025-10-20 08:18:44,093 [INFO] IPUIPlugin:80 - create IPUIPlugin
2025-10-20 08:18:44,093 [INFO] PluginManager:220 - loadIPPluginJar : add quadspi
2025-10-20 08:18:44,095 [INFO] IPUIPlugin:80 - create IPUIPlugin
2025-10-20 08:18:44,096 [INFO] PluginManager:220 - loadIPPluginJar : add radio
2025-10-20 08:18:44,100 [INFO] IPUIPlugin:80 - create IPUIPlugin
2025-10-20 08:18:44,100 [INFO] PluginManager:220 - loadIPPluginJar : add resmgrutility
2025-10-20 08:18:44,103 [INFO] IPUIPlugin:80 - create IPUIPlugin
2025-10-20 08:18:44,104 [INFO] PluginManager:220 - loadIPPluginJar : add sai
2025-10-20 08:18:44,107 [INFO] IPUIPlugin:80 - create IPUIPlugin
2025-10-20 08:18:44,107 [INFO] PluginManager:220 - loadIPPluginJar : add spi
2025-10-20 08:18:44,112 [INFO] IPUIPlugin:80 - create IPUIPlugin
2025-10-20 08:18:44,112 [INFO] PluginManager:220 - loadIPPluginJar : add stm32_wpan
2025-10-20 08:18:44,114 [INFO] IPUIPlugin:80 - create IPUIPlugin
2025-10-20 08:18:44,114 [INFO] PluginManager:220 - loadIPPluginJar : add tim
2025-10-20 08:18:44,117 [INFO] IPUIPlugin:80 - create IPUIPlugin
2025-10-20 08:18:44,118 [INFO] PluginManager:220 - loadIPPluginJar : add touchsensing
2025-10-20 08:18:44,120 [INFO] IPUIPlugin:80 - create IPUIPlugin
2025-10-20 08:18:44,120 [INFO] PluginManager:220 - loadIPPluginJar : add tracer_emb
2025-10-20 08:18:44,122 [INFO] IPUIPlugin:80 - create IPUIPlugin
2025-10-20 08:18:44,122 [INFO] PluginManager:220 - loadIPPluginJar : add ts
2025-10-20 08:18:44,123 [INFO] IPUIPlugin:80 - create IPUIPlugin
2025-10-20 08:18:44,124 [INFO] PluginManager:220 - loadIPPluginJar : add tsc
2025-10-20 08:18:44,126 [INFO] IPUIPlugin:80 - create IPUIPlugin
2025-10-20 08:18:44,126 [INFO] PluginManager:220 - loadIPPluginJar : add ucpd
2025-10-20 08:18:44,129 [INFO] IPUIPlugin:80 - create IPUIPlugin
2025-10-20 08:18:44,129 [INFO] PluginManager:220 - loadIPPluginJar : add usart
2025-10-20 08:18:44,133 [INFO] IPUIPlugin:80 - create IPUIPlugin
2025-10-20 08:18:44,133 [INFO] PluginManager:220 - loadIPPluginJar : add usbx
2025-10-20 08:18:44,251 [FATAL] Updater:351 - Updater called before beeing initialized
2025-10-20 08:18:44,274 [INFO] RulesReader:64 - Compatibility file has been processed (317 Rules)
2025-10-20 08:18:44,283 [INFO] RulesReader:64 - Compatibility file has been processed (317 Rules)
2025-10-20 08:18:44,290 [INFO] CADModel:165 - CPN selected for project level
2025-10-20 08:18:44,290 [INFO] CADModel:114 - Register for checkConnection events
2025-10-20 08:18:44,290 [FATAL] Updater:351 - Updater called before beeing initialized
2025-10-20 08:18:44,290 [ERROR] CADModel:125 - Updater not yet initialized, retry later 
2025-10-20 08:18:44,411 [FATAL] Updater:351 - Updater called before beeing initialized
2025-10-20 08:18:44,413 [INFO] CADModel:165 - CPN selected for project level
2025-10-20 08:18:44,413 [INFO] CADModel:114 - Register for checkConnection events
2025-10-20 08:18:44,413 [FATAL] Updater:351 - Updater called before beeing initialized
2025-10-20 08:18:44,413 [ERROR] CADModel:125 - Updater not yet initialized, retry later 
2025-10-20 08:18:44,415 [FATAL] Updater:351 - Updater called before beeing initialized
2025-10-20 08:18:44,497 [FATAL] Updater:351 - Updater called before beeing initialized
2025-10-20 08:18:44,500 [INFO] DbMcusAds:53 - JSON generation date=Thu Oct 02 11:36:05 CEST 2025 (1759397765645)
2025-10-20 08:18:44,500 [FATAL] Updater:351 - Updater called before beeing initialized
2025-10-20 08:18:44,534 [WARN] DetailPanel:346 - Failed to get advertising image, set to default
2025-10-20 08:18:44,602 [FATAL] Updater:351 - Updater called before beeing initialized
2025-10-20 08:18:44,603 [FATAL] Updater:351 - Updater called before beeing initialized
2025-10-20 08:18:44,603 [FATAL] Updater:351 - Updater called before beeing initialized
2025-10-20 08:18:44,603 [WARN] DetailPanel:346 - Failed to get advertising image, set to default
2025-10-20 08:18:44,604 [FATAL] Updater:351 - Updater called before beeing initialized
2025-10-20 08:18:44,641 [ERROR] Updater:1198 - MainUpdater not yet initialized. External WinMGr cannot be set.
2025-10-20 08:18:44,643 [INFO] Updater:1134 - Updater Version found : 6.15.0
2025-10-20 08:18:44,658 [INFO] ApplicationProperties:184 - Using Application install path: C:\ST\STM32CubeIDE_1.8.0\STM32CubeIDE\plugins\com.st.stm32cube.common.mx_6.15.0.202507011659
2025-10-20 08:18:45,127 [INFO] MainUpdater:2872 - connection check result : 10
2025-10-20 08:18:45,127 [INFO] MainUpdater:3604 - Updater definition file requires update
2025-10-20 08:18:45,128 [INFO] MainUpdater:289 - Updater Check For Update Now.
2025-10-20 08:18:45,128 [INFO] MicroXplorer:498 - Change Database Version : DB.6.0.150
2025-10-20 08:18:45,134 [INFO] McuFinderGlobals:63 - Set McuFinder mode to 2 (CubeIDE integrated)
2025-10-20 08:18:45,134 [INFO] UserAuth:487 - Internet connection configuration mode: 1
2025-10-20 08:18:45,151 [INFO] JxBrowserEngine:152 - Initiate JxBrowser Engine with user profile folder
2025-10-20 08:18:45,247 [INFO] ServerAccessManage:452 - Complete download http(s) 200
2025-10-20 08:18:45,248 [INFO] ServerAccessManage:509 - Download File updaters.zip
2025-10-20 08:18:45,299 [INFO] FileExtend:248 - Unzip File : updaters.zip
2025-10-20 08:18:45,299 [INFO] FileExtend:263 - Standard Zip Deflate
2025-10-20 08:18:45,687 [INFO] ServerAccessManage:452 - Complete download http(s) 200
2025-10-20 08:18:45,687 [INFO] ServerAccessManage:509 - Download File PacksControlFlags.xml
2025-10-20 08:18:45,772 [INFO] ServerAccessManage:452 - Complete download http(s) 200
2025-10-20 08:18:45,773 [INFO] ServerAccessManage:509 - Download File cubemx.pidx
2025-10-20 08:18:46,511 [WARN] MainUpdater:1193 - Updater busy. Cannot search thirdparties
2025-10-20 08:18:46,511 [INFO] ThirdPartyUpdaterWithRetryManager:96 - Updater plugin is busy. [1/15]
2025-10-20 08:18:46,631 [INFO] WebApp:169 - Instantiating new browser for Auth
2025-10-20 08:18:47,018 [INFO] ServerAccessManage:452 - Complete download http(s) 200
2025-10-20 08:18:47,018 [INFO] ServerAccessManage:509 - Download File STMicroelectronics.X-CUBE-ST60.pdsc
2025-10-20 08:18:47,645 [INFO] WebApp:463 - Apply proxy settings
2025-10-20 08:18:47,646 [INFO] WebApp:548 - Chromium requires no authentication
2025-10-20 08:18:47,685 [INFO] WebApp:491 - Direct internet connection detected
2025-10-20 08:18:47,760 [INFO] WebApp:900 - Register for checkConnection events
2025-10-20 08:18:47,760 [INFO] WebApp:463 - Apply proxy settings
2025-10-20 08:18:47,760 [INFO] WebApp:548 - Chromium requires no authentication
2025-10-20 08:18:47,760 [INFO] WebApp:491 - Direct internet connection detected
2025-10-20 08:18:47,761 [WARN] PackLoader:240 - Cannot read IP mode file for STMicroelectronics.X-CUBE-ST60.1.1.0
2025-10-20 08:18:47,765 [INFO] PopulateThirdPartyThread:66 - Ending populate Thread
2025-10-20 08:18:47,767 [INFO] ThirdParty:1030 - CMSIS Pack Vendor :STMicroelectronics X-CUBE-ST60 1.1.0
2025-10-20 08:18:47,767 [INFO] LoadServerUpdatesThread:375 - End of LoadServerUpdate Thread
2025-10-20 08:18:47,879 [INFO] CheckServerUpdateThread:120 - End of CheckServer Thread
2025-10-20 08:18:47,969 [INFO] WebApp:191 - Connection restablished
2025-10-20 08:18:48,025 [INFO] WebApp:225 - Starting web application
2025-10-20 08:18:48,025 [INFO] WebApp:593 - Web application path used C:\ST\STM32CubeIDE_1.8.0\STM32CubeIDE\plugins\com.st.stm32cube.common.mx_6.15.0.202507011659\db\plugins\mcufinder\reactClient1\index.html
2025-10-20 08:18:48,225 [INFO] UserAuth:487 - Internet connection configuration mode: 1
2025-10-20 08:18:49,751 [WARN] PackLoader:240 - Cannot read IP mode file for STMicroelectronics.FP-SNS-MOTENVWB1.1.4.0
2025-10-20 08:18:49,756 [WARN] PackLoader:240 - Cannot read IP mode file for STMicroelectronics.FP-ATR-ASTRA1.2.0.2
2025-10-20 08:18:49,759 [WARN] PackLoader:240 - Cannot read IP mode file for STMicroelectronics.FP-ATR-ASTRA1.2.0.1
2025-10-20 08:18:49,763 [WARN] PackLoader:240 - Cannot read IP mode file for STMicroelectronics.X-CUBE-SMBUS.2.1.0
2025-10-20 08:18:49,769 [WARN] PackLoader:240 - Cannot read IP mode file for STMicroelectronics.X-CUBE-WB05N.1.1.0
2025-10-20 08:18:49,774 [WARN] PackLoader:240 - Cannot read IP mode file for STMicroelectronics.X-CUBE-ST60.1.0.0
2025-10-20 08:18:49,777 [WARN] PackLoader:240 - Cannot read IP mode file for STMicroelectronics.X-CUBE-TOUCHGFX.4.23.0
2025-10-20 08:18:49,813 [WARN] PackLoader:240 - Cannot read IP mode file for STMicroelectronics.X-CUBE-MEMS1.9.2.0
2025-10-20 08:18:49,935 [WARN] PackLoader:240 - Cannot read IP mode file for STMicroelectronics.X-CUBE-TOUCHGFX.4.23.2
2025-10-20 08:18:49,950 [WARN] PackLoader:240 - Cannot read IP mode file for STMicroelectronics.X-CUBE-AZRTOS-F7.1.1.0
2025-10-20 08:18:50,058 [WARN] PackLoader:240 - Cannot read IP mode file for STMicroelectronics.X-CUBE-AI.7.1.0
2025-10-20 08:18:50,061 [WARN] PackLoader:240 - Cannot read IP mode file for STMicroelectronics.X-CUBE-TOUCHGFX.4.19.1
2025-10-20 08:18:50,153 [ERROR] RealEvaluatedCondition:428 - Found unsupported composite condition: CLASS='Data Exchange' GROUP='STM32_MetaDataManager'
2025-10-20 08:18:50,153 [ERROR] RealEvaluatedCondition:428 - Found unsupported composite condition: GROUP='STM32_MetaDataManager' CLASS='Data Exchange'
2025-10-20 08:18:50,154 [WARN] PackLoader:240 - Cannot read IP mode file for STMicroelectronics.FP-SNS-MOTENV1.4.3.0
2025-10-20 08:18:50,158 [WARN] PackLoader:240 - Cannot read IP mode file for STMicroelectronics.FP-SNS-MOTENV1.4.3.2
2025-10-20 08:18:50,162 [WARN] PackLoader:240 - Cannot read IP mode file for STMicroelectronics.FP-SNS-FLIGHT1.5.0.0
2025-10-20 08:18:50,164 [ERROR] RealEvaluatedCondition:428 - Found unsupported composite condition: GROUP='STM32_MetaDataManager' CLASS='Data Exchange'
2025-10-20 08:18:50,164 [ERROR] RealEvaluatedCondition:428 - Found unsupported composite condition: CLASS='Data Exchange' GROUP='STM32_MetaDataManager'
2025-10-20 08:18:50,165 [WARN] PackLoader:240 - Cannot read IP mode file for STMicroelectronics.FP-SNS-MOTENV1.4.3.1
2025-10-20 08:18:50,168 [WARN] PackLoader:240 - Cannot read IP mode file for STMicroelectronics.FP-SNS-FLIGHT1.5.0.1
2025-10-20 08:18:50,173 [WARN] PackLoader:240 - Cannot read IP mode file for STMicroelectronics.X-CUBE-BLE1.6.2.3
2025-10-20 08:18:50,198 [WARN] PackLoader:240 - Cannot read IP mode file for STMicroelectronics.X-CUBE-MEMS1.11.0.0
2025-10-20 08:18:50,265 [WARN] PackLoader:240 - Cannot read IP mode file for STMicroelectronics.X-CUBE-BLE1.6.2.4
2025-10-20 08:18:50,269 [WARN] PackLoader:240 - Cannot read IP mode file for STMicroelectronics.X-CUBE-BLE1.6.2.2
2025-10-20 08:18:50,272 [WARN] PackLoader:240 - Cannot read IP mode file for STMicroelectronics.FP-SNS-FLIGHT1.5.0.2
2025-10-20 08:18:50,276 [WARN] PackLoader:240 - Cannot read IP mode file for STMicroelectronics.X-CUBE-BLE2.3.2.2
2025-10-20 08:18:50,290 [WARN] PackLoader:240 - Cannot read IP mode file for Infineon.AIROC-Wi-Fi-Bluetooth-STM32.1.7.0
2025-10-20 08:18:50,294 [WARN] PackLoader:240 - Cannot read IP mode file for STMicroelectronics.X-CUBE-TOUCHGFX.4.19.0
2025-10-20 08:18:50,300 [WARN] PackLoader:240 - Cannot read IP mode file for STMicroelectronics.X-CUBE-TOF1.3.1.0
2025-10-20 08:18:50,305 [WARN] PackLoader:240 - Cannot read IP mode file for wolfSSL.I-CUBE-wolfSSL.5.1.1
2025-10-20 08:18:50,323 [WARN] PackLoader:240 - Cannot read IP mode file for STMicroelectronics.X-CUBE-AZRTOS-H7.3.4.0
2025-10-20 08:18:50,330 [WARN] PackLoader:240 - Cannot read IP mode file for STMicroelectronics.X-CUBE-DISPLAY.3.0.0
2025-10-20 08:18:50,335 [WARN] PackLoader:240 - Cannot read IP mode file for STMicroelectronics.X-CUBE-BLE1.7.0.0
2025-10-20 08:18:50,340 [WARN] PackLoader:240 - Cannot read IP mode file for STMicroelectronics.X-CUBE-NFC10.1.0.0
2025-10-20 08:18:50,347 [WARN] PackLoader:240 - Cannot read IP mode file for STMicroelectronics.X-CUBE-BLEMGR.4.0.0
2025-10-20 08:18:50,351 [WARN] PackLoader:240 - Cannot read IP mode file for STMicroelectronics.X-CUBE-ST60.1.1.0
2025-10-20 08:18:50,356 [WARN] PackLoader:240 - Cannot read IP mode file for emotas.I-CUBE-CANOPEN.1.3.0
2025-10-20 08:18:50,358 [WARN] PackLoader:240 - Cannot read IP mode file for STMicroelectronics.X-CUBE-TOUCHGFX.4.22.0
2025-10-20 08:18:50,360 [WARN] PackLoader:240 - Cannot read IP mode file for STMicroelectronics.X-CUBE-TOUCHGFX.4.22.1
2025-10-20 08:18:50,366 [WARN] PackLoader:240 - Cannot read IP mode file for STMicroelectronics.X-CUBE-SUBG2.4.2.0
2025-10-20 08:18:50,399 [WARN] PackLoader:240 - Cannot read IP mode file for STMicroelectronics.X-CUBE-MEMS1.9.3.0
2025-10-20 08:18:50,499 [WARN] PackLoader:240 - Cannot read IP mode file for STMicroelectronics.X-CUBE-AI.7.2.0
2025-10-20 08:18:50,506 [WARN] PackLoader:240 - Cannot read IP mode file for STMicroelectronics.X-CUBE-BLEMGR.3.1.0
2025-10-20 08:18:50,511 [WARN] PackLoader:240 - Cannot read IP mode file for STMicroelectronics.X-CUBE-AI.10.0.0
2025-10-20 08:18:50,516 [WARN] PackLoader:240 - Cannot read IP mode file for STMicroelectronics.FP-SNS-STBOX1.2.1.0
2025-10-20 08:18:50,522 [WARN] PackLoader:240 - Cannot read IP mode file for STMicroelectronics.FP-SNS-SMARTAG2.1.2.0
2025-10-20 08:18:50,525 [WARN] PackLoader:240 - Cannot read IP mode file for STMicroelectronics.FP-SNS-FLIGHT1.5.1.0
2025-10-20 08:18:50,555 [WARN] PackLoader:240 - Cannot read IP mode file for STMicroelectronics.X-CUBE-MEMS1.11.1.0
2025-10-20 08:18:50,623 [INFO] LogOutputStream:77 - [STDOUT_REDIRECT] 1 : Invalid condition id : UX_CORESTACK_Condition cause : null
2025-10-20 08:18:50,624 [INFO] LogOutputStream:77 - [STDOUT_REDIRECT] 1 : Invalid condition id : UX_CORESTACK_Condition cause : null
2025-10-20 08:18:50,625 [INFO] LogOutputStream:77 - [STDOUT_REDIRECT] 1 : Invalid condition id : UX_CORESTACK_Condition cause : null
2025-10-20 08:18:50,626 [INFO] LogOutputStream:77 - [STDOUT_REDIRECT] 1 : Invalid condition id : UX_CORESTACK_Condition cause : null
2025-10-20 08:18:50,627 [INFO] LogOutputStream:77 - [STDOUT_REDIRECT] 1 : Invalid condition id : UX_CORESTACK_Condition cause : null
2025-10-20 08:18:50,630 [WARN] PackLoader:240 - Cannot read IP mode file for STMicroelectronics.X-CUBE-AZRTOS-WL.2.0.0
2025-10-20 08:18:50,636 [WARN] PackLoader:240 - Cannot read IP mode file for STMicroelectronics.FP-SNS-MOTENV1.5.0.0
2025-10-20 08:18:50,642 [WARN] PackLoader:240 - Cannot read IP mode file for wolfSSL.I-CUBE-wolfMQTT.1.19.0
2025-10-20 08:18:50,647 [WARN] PackLoader:240 - Cannot read IP mode file for WES.I-CUBE-Cesium.1.3.0
2025-10-20 08:18:50,650 [WARN] PackLoader:240 - Cannot read IP mode file for STMicroelectronics.X-CUBE-BLE2.3.3.0
2025-10-20 08:18:50,654 [WARN] PackLoader:240 - Cannot read IP mode file for STMicroelectronics.X-CUBE-DISPLAY.2.2.0
2025-10-20 08:18:50,664 [WARN] PackLoader:240 - Cannot read IP mode file for STMicroelectronics.X-CUBE-TOF1.3.2.0
2025-10-20 08:18:50,668 [WARN] PackLoader:240 - Cannot read IP mode file for STMicroelectronics.X-CUBE-TOUCHGFX.4.18.1
2025-10-20 08:18:50,672 [WARN] PackLoader:240 - Cannot read IP mode file for STMicroelectronics.X-CUBE-ISPU.1.0.0
2025-10-20 08:18:50,680 [WARN] PackLoader:240 - Cannot read IP mode file for STMicroelectronics.X-CUBE-NFC9.1.0.0
2025-10-20 08:18:50,693 [WARN] PackLoader:240 - Cannot read IP mode file for STMicroelectronics.X-CUBE-AZRTOS-H7.2.1.0
2025-10-20 08:18:50,699 [WARN] PackLoader:240 - Cannot read IP mode file for STMicroelectronics.X-CUBE-BLE1.7.1.0
2025-10-20 08:18:50,704 [WARN] PackLoader:240 - Cannot read IP mode file for STMicroelectronics.X-CUBE-TCPP.4.1.0
2025-10-20 08:18:50,710 [WARN] PackLoader:240 - Cannot read IP mode file for STMicroelectronics.X-CUBE-EEPRMA1.5.2.0
2025-10-20 08:18:50,713 [WARN] PackLoader:240 - Cannot read IP mode file for STMicroelectronics.X-CUBE-TOUCHGFX.4.21.1
2025-10-20 08:18:50,716 [WARN] PackLoader:240 - Cannot read IP mode file for STMicroelectronics.X-CUBE-TOUCHGFX.4.21.0
2025-10-20 08:18:50,720 [WARN] PackLoader:240 - Cannot read IP mode file for STMicroelectronics.X-CUBE-TOUCHGFX.4.21.3
2025-10-20 08:18:50,724 [WARN] PackLoader:240 - Cannot read IP mode file for STMicroelectronics.X-CUBE-TOUCHGFX.4.21.4
2025-10-20 08:18:50,748 [WARN] PackLoader:240 - Cannot read IP mode file for STMicroelectronics.X-CUBE-MEMS1.9.4.0
2025-10-20 08:18:50,814 [WARN] PackLoader:240 - Cannot read IP mode file for STMicroelectronics.X-CUBE-AI.7.3.0
2025-10-20 08:18:50,818 [WARN] PackLoader:240 - Cannot read IP mode file for STMicroelectronics.X-CUBE-ST67W61.1.1.0
2025-10-20 08:18:50,821 [WARN] PackLoader:240 - Cannot read IP mode file for STMicroelectronics.X-CUBE-AI.10.1.0
2025-10-20 08:18:50,826 [WARN] PackLoader:240 - Cannot read IP mode file for STMicroelectronics.X-CUBE-ALGOBUILD.1.3.0
2025-10-20 08:18:50,853 [WARN] PackLoader:240 - Cannot read IP mode file for STMicroelectronics.X-CUBE-MEMS1.11.2.0
2025-10-20 08:18:50,953 [WARN] PackLoader:240 - Cannot read IP mode file for STMicroelectronics.X-CUBE-AZRTOS-G0.1.1.0
2025-10-20 08:18:50,963 [WARN] PackLoader:240 - Cannot read IP mode file for STMicroelectronics.X-CUBE-SAFEA1.1.2.2
2025-10-20 08:18:50,971 [WARN] PackLoader:240 - Cannot read IP mode file for STMicroelectronics.X-CUBE-NFC4.3.0.0
2025-10-20 08:18:51,015 [WARN] PackLoader:240 - Cannot read IP mode file for SEGGER.I-CUBE-embOS.1.2.0
2025-10-20 08:18:51,039 [WARN] PackLoader:240 - Cannot read IP mode file for wolfSSL.I-CUBE-wolfMQTT.1.18.0
2025-10-20 08:18:51,047 [WARN] PackLoader:240 - Cannot read IP mode file for EmbeddedOffice.I-CUBE-FS-RTOS.1.0.1
2025-10-20 08:18:51,052 [WARN] PackLoader:240 - Cannot read IP mode file for STMicroelectronics.X-CUBE-DISPLAY.2.1.0
2025-10-20 08:18:51,056 [WARN] PackLoader:240 - Cannot read IP mode file for STMicroelectronics.X-CUBE-WB05N.2.0.0
2025-10-20 08:18:51,064 [WARN] PackLoader:240 - Cannot read IP mode file for STMicroelectronics.X-CUBE-BLEMGR.3.0.0
2025-10-20 08:18:51,072 [WARN] PackLoader:240 - Cannot read IP mode file for STMicroelectronics.X-CUBE-BLEMGR.1.3.0
2025-10-20 08:18:51,076 [WARN] PackLoader:240 - Cannot read IP mode file for STMicroelectronics.X-CUBE-TCPP.4.2.0
2025-10-20 08:18:51,084 [WARN] PackLoader:240 - Cannot read IP mode file for RealThread.X-CUBE-RT-Thread_Nano.4.1.1
2025-10-20 08:18:51,086 [WARN] PackLoader:240 - Cannot read IP mode file for wolfSSL.I-CUBE-wolfSSL.5.7.0
2025-10-20 08:18:51,097 [WARN] PackLoader:240 - Cannot read IP mode file for STMicroelectronics.X-CUBE-AZRTOS-H7.2.0.0
2025-10-20 08:18:51,101 [WARN] PackLoader:240 - Cannot read IP mode file for STMicroelectronics.FP-ATR-SIGFOX1.3.2.0
2025-10-20 08:18:51,105 [WARN] ConditionMgr:438 - getConditionDescription Invalid condition id : Cortex-A Device cause : null
2025-10-20 08:18:51,110 [WARN] ConditionMgr:1044 - genDependencies : Invalid condition id : Cortex-A Device cause : null
2025-10-20 08:18:51,110 [WARN] ConditionMgr:1044 - genDependencies : Invalid condition id : Cortex-A Device cause : null
2025-10-20 08:18:51,110 [WARN] ConditionMgr:1044 - genDependencies : Invalid condition id : Cortex-A Device cause : null
2025-10-20 08:18:51,114 [WARN] PackLoader:240 - Cannot read IP mode file for STMicroelectronics.X-CUBE-EEPRMA1.5.1.0
2025-10-20 08:18:51,118 [WARN] PackLoader:240 - Cannot read IP mode file for emotas.I-CUBE-CANOPEN.1.1.2
2025-10-20 08:18:51,121 [WARN] PackLoader:240 - Cannot read IP mode file for STMicroelectronics.X-CUBE-TOUCHGFX.4.20.0
2025-10-20 08:18:51,144 [WARN] PackLoader:240 - Cannot read IP mode file for wolfSSL.I-CUBE-wolfSSL.5.7.6
2025-10-20 08:18:51,148 [WARN] PackLoader:240 - Cannot read IP mode file for ITTIA_DB.I-CUBE-ITTIADB.8.9.0
2025-10-20 08:18:51,170 [WARN] PackLoader:240 - Cannot read IP mode file for STMicroelectronics.X-CUBE-MEMS1.9.5.0
2025-10-20 08:18:51,239 [WARN] PackLoader:240 - Cannot read IP mode file for STMicroelectronics.X-CUBE-ST67W61.1.0.0
2025-10-20 08:18:51,242 [WARN] PackLoader:240 - Cannot read IP mode file for STMicroelectronics.X-CUBE-AI.10.2.0
2025-10-20 08:18:51,259 [WARN] PackLoader:240 - Cannot read IP mode file for SEGGER.I-CUBE-embOS.1.3.1
2025-10-20 08:18:51,283 [WARN] PackLoader:240 - Cannot read IP mode file for STMicroelectronics.X-CUBE-ALGOBUILD.1.4.0
2025-10-20 08:18:51,317 [WARN] PackLoader:240 - Cannot read IP mode file for STMicroelectronics.X-CUBE-MEMS1.11.3.0
2025-10-20 08:18:51,398 [WARN] PackLoader:240 - Cannot read IP mode file for STMicroelectronics.X-CUBE-DISPLAY.2.0.1
2025-10-20 08:18:51,401 [WARN] PackLoader:240 - Cannot read IP mode file for STMicroelectronics.X-CUBE-AI.9.1.0
2025-10-20 08:18:51,408 [WARN] PackLoader:240 - Cannot read IP mode file for STMicroelectronics.X-CUBE-TOF1.3.0.0
2025-10-20 08:18:51,414 [WARN] PackLoader:240 - Cannot read IP mode file for STMicroelectronics.X-CUBE-PM33A1.1.0.0
2025-10-20 08:18:51,418 [WARN] PackLoader:240 - Cannot read IP mode file for STMicroelectronics.X-CUBE-GNSS1.6.0.0
2025-10-20 08:18:51,430 [WARN] PackLoader:240 - Cannot read IP mode file for STMicroelectronics.X-CUBE-AZRTOS-F4.1.1.0
2025-10-20 08:18:51,434 [WARN] PackLoader:240 - Cannot read IP mode file for wolfSSL.I-CUBE-wolfSSL.5.6.3
2025-10-20 08:18:51,438 [WARN] PackLoader:240 - Cannot read IP mode file for Avnet-IotConnect.X-CUBE-IoTC-DA16k-PMOD.1.0.0
2025-10-20 08:18:51,443 [WARN] PackLoader:240 - Cannot read IP mode file for STMicroelectronics.X-CUBE-ISPU.2.1.0
2025-10-20 08:18:51,451 [WARN] PackLoader:240 - Cannot read IP mode file for STMicroelectronics.X-CUBE-IPS.3.2.0
2025-10-20 08:18:51,460 [WARN] PackLoader:240 - Cannot read IP mode file for STMicroelectronics.X-CUBE-FREERTOS.1.2.0
2025-10-20 08:18:51,465 [WARN] PackLoader:240 - Cannot read IP mode file for STMicroelectronics.X-CUBE-NFC12.1.0.0
2025-10-20 08:18:51,472 [WARN] PackLoader:240 - Cannot read IP mode file for STMicroelectronics.X-CUBE-BLEMGR.1.2.0
2025-10-20 08:18:51,488 [WARN] PackLoader:240 - Cannot read IP mode file for STMicroelectronics.X-CUBE-AZRTOS-L5.2.0.0
2025-10-20 08:18:51,516 [WARN] PackLoader:240 - Cannot read IP mode file for STMicroelectronics.X-CUBE-MEMS1.9.6.0
2025-10-20 08:18:51,597 [WARN] PackLoader:240 - Cannot read IP mode file for STMicroelectronics.X-CUBE-EEPRMA1.4.2.0
2025-10-20 08:18:51,603 [WARN] PackLoader:240 - Cannot read IP mode file for STMicroelectronics.X-CUBE-NFC6.3.1.0
2025-10-20 08:18:51,609 [WARN] PackLoader:240 - Cannot read IP mode file for ITTIA_DB.I-CUBE-ITTIADB.8.8.0
2025-10-20 08:18:51,613 [WARN] PackLoader:240 - Cannot read IP mode file for STMicroelectronics.X-CUBE-BLEMGR.2.0.0
2025-10-20 08:18:51,618 [WARN] PackLoader:240 - Cannot read IP mode file for STMicroelectronics.X-CUBE-DPower.1.2.0
2025-10-20 08:18:51,623 [WARN] PackLoader:240 - Cannot read IP mode file for STMicroelectronics.X-CUBE-NFC4.2.0.5
2025-10-20 08:18:51,627 [WARN] PackLoader:240 - Cannot read IP mode file for STMicroelectronics.X-CUBE-NFC4.2.0.4
2025-10-20 08:18:51,631 [WARN] PackLoader:240 - Cannot read IP mode file for STMicroelectronics.X-CUBE-NFC4.2.0.3
2025-10-20 08:18:51,634 [WARN] PackLoader:240 - Cannot read IP mode file for STMicroelectronics.X-CUBE-AI.9.0.0
2025-10-20 08:18:51,643 [WARN] ConditionMgr:438 - getConditionDescription Invalid condition id : UX DEVICE CLASS RTOS Condition cause : null
2025-10-20 08:18:51,643 [WARN] ConditionMgr:438 - getConditionDescription Invalid condition id : UX DEVICE CLASS RTOS Condition cause : null
2025-10-20 08:18:51,645 [WARN] PackLoader:240 - Cannot read IP mode file for STMicroelectronics.X-CUBE-AZRTOS-H7.3.1.0
2025-10-20 08:18:51,645 [WARN] ConditionMgr:1044 - genDependencies : Invalid condition id : UX DEVICE CLASS RTOS Condition cause : null
2025-10-20 08:18:51,645 [WARN] ConditionMgr:1044 - genDependencies : Invalid condition id : UX DEVICE CLASS RTOS Condition cause : null
2025-10-20 08:18:51,646 [WARN] ConditionMgr:1044 - genDependencies : Invalid condition id : UX DEVICE CLASS RTOS Condition cause : null
2025-10-20 08:18:51,646 [WARN] ConditionMgr:1044 - genDependencies : Invalid condition id : UX DEVICE CLASS RTOS Condition cause : null
2025-10-20 08:18:51,646 [WARN] ConditionMgr:1044 - genDependencies : Invalid condition id : UX DEVICE CLASS RTOS Condition cause : null
2025-10-20 08:18:51,651 [WARN] PackLoader:240 - Cannot read IP mode file for STMicroelectronics.X-CUBE-SFXS2LP1.3.1.0
2025-10-20 08:18:51,663 [WARN] PackLoader:240 - Cannot read IP mode file for STMicroelectronics.X-CUBE-AZRTOS-F4.1.0.0
2025-10-20 08:18:51,668 [WARN] PackLoader:240 - Cannot read IP mode file for STMicroelectronics.X-CUBE-FREERTOS.1.3.1
2025-10-20 08:18:51,671 [WARN] PackLoader:240 - Cannot read IP mode file for STMicroelectronics.X-CUBE-FREERTOS.1.3.0
2025-10-20 08:18:51,675 [WARN] PackLoader:240 - Cannot read IP mode file for STMicroelectronics.X-CUBE-NFC7.1.0.1
2025-10-20 08:18:51,678 [WARN] PackLoader:240 - Cannot read IP mode file for STMicroelectronics.X-CUBE-NFC7.1.0.0
2025-10-20 08:18:51,680 [WARN] PackLoader:240 - Cannot read IP mode file for wolfSSL.I-CUBE-wolfTPM.3.2.0
2025-10-20 08:18:51,682 [WARN] PackLoader:240 - Cannot read IP mode file for STMicroelectronics.X-CUBE-TOUCHGFX.4.26.0
2025-10-20 08:18:51,686 [WARN] PackLoader:240 - Cannot read IP mode file for STMicroelectronics.X-CUBE-NFC6.3.0.0
2025-10-20 08:18:51,690 [WARN] PackLoader:240 - Cannot read IP mode file for STMicroelectronics.X-CUBE-EEPRMA1.4.1.0
2025-10-20 08:18:51,694 [WARN] PackLoader:240 - Cannot read IP mode file for STMicroelectronics.FP-SNS-STAIOTCFT.1.0.0
2025-10-20 08:18:51,697 [WARN] PackLoader:240 - Cannot read IP mode file for STMicroelectronics.X-CUBE-DPower.1.3.0
2025-10-20 08:18:51,700 [WARN] PackLoader:240 - Cannot read IP mode file for STMicroelectronics.X-CUBE-AI.8.1.0
2025-10-20 08:18:51,728 [WARN] PackLoader:240 - Cannot read IP mode file for STMicroelectronics.X-CUBE-AZRTOS-G0.1.0.0
2025-10-20 08:18:51,739 [WARN] ConditionMgr:438 - getConditionDescription Invalid condition id : LAN8742 Phy interface Condition cause : null
2025-10-20 08:18:51,740 [WARN] PackLoader:240 - Cannot read IP mode file for STMicroelectronics.X-CUBE-AZRTOS-L4.2.0.0
2025-10-20 08:18:51,740 [WARN] ConditionMgr:1044 - genDependencies : Invalid condition id : LAN8742 Phy interface Condition cause : null
2025-10-20 08:18:51,740 [WARN] ConditionMgr:1044 - genDependencies : Invalid condition id : LAN8742 Phy interface Condition cause : null
2025-10-20 08:18:51,741 [WARN] ConditionMgr:1044 - genDependencies : Invalid condition id : LAN8742 Phy interface Condition cause : null
2025-10-20 08:18:51,744 [WARN] PackLoader:240 - Cannot read IP mode file for STMicroelectronics.X-CUBE-SFXS2LP1.4.0.0
2025-10-20 08:18:51,760 [WARN] PackLoader:240 - Cannot read IP mode file for STMicroelectronics.X-CUBE-AZRTOS-H7.3.0.0
2025-10-20 08:18:51,765 [WARN] PackLoader:240 - Cannot read IP mode file for STMicroelectronics.X-CUBE-ISPU.1.1.0
2025-10-20 08:18:51,777 [WARN] PackLoader:240 - Cannot read IP mode file for STMicroelectronics.X-CUBE-AZRTOS-H7.3.3.0
2025-10-20 08:18:51,783 [WARN] PackLoader:240 - Cannot read IP mode file for RoweBots.I-CUBE-UNISONRTOS.5.5.0-4
2025-10-20 08:18:51,790 [WARN] PackLoader:240 - Cannot read IP mode file for STMicroelectronics.X-CUBE-BLEMGR.4.1.0
2025-10-20 08:18:51,794 [WARN] PackLoader:240 - Cannot read IP mode file for STMicroelectronics.X-CUBE-AI.8.0.0
2025-10-20 08:18:51,800 [WARN] PackLoader:240 - Cannot read IP mode file for STMicroelectronics.X-CUBE-IPS.3.0.0
2025-10-20 08:18:51,816 [WARN] ConditionMgr:438 - getConditionDescription Invalid condition id : UX DEVICE CLASS RTOS Condition cause : null
2025-10-20 08:18:51,817 [WARN] ConditionMgr:438 - getConditionDescription Invalid condition id : UX DEVICE CLASS RTOS Condition cause : null
2025-10-20 08:18:51,818 [WARN] PackLoader:240 - Cannot read IP mode file for STMicroelectronics.X-CUBE-AZRTOS-WB.2.0.0
2025-10-20 08:18:51,818 [WARN] ConditionMgr:1044 - genDependencies : Invalid condition id : UX DEVICE CLASS RTOS Condition cause : null
2025-10-20 08:18:51,818 [WARN] ConditionMgr:1044 - genDependencies : Invalid condition id : UX DEVICE CLASS RTOS Condition cause : null
2025-10-20 08:18:51,818 [WARN] ConditionMgr:1044 - genDependencies : Invalid condition id : UX DEVICE CLASS RTOS Condition cause : null
2025-10-20 08:18:51,818 [WARN] ConditionMgr:1044 - genDependencies : Invalid condition id : UX DEVICE CLASS RTOS Condition cause : null
2025-10-20 08:18:51,819 [WARN] ConditionMgr:1044 - genDependencies : Invalid condition id : UX DEVICE CLASS RTOS Condition cause : null
2025-10-20 08:18:51,829 [WARN] PackLoader:240 - Cannot read IP mode file for STMicroelectronics.X-CUBE-FREERTOS.1.0.0
2025-10-20 08:18:51,833 [WARN] PackLoader:240 - Cannot read IP mode file for STMicroelectronics.X-CUBE-FREERTOS.1.0.1
2025-10-20 08:18:51,837 [WARN] PackLoader:240 - Cannot read IP mode file for STMicroelectronics.X-CUBE-GNSS1.7.0.0
2025-10-20 08:18:51,841 [WARN] PackLoader:240 - Cannot read IP mode file for STMicroelectronics.X-CUBE-GNSS1.7.0.1
2025-10-20 08:18:51,846 [WARN] PackLoader:240 - Cannot read IP mode file for STMicroelectronics.X-CUBE-BLEMGR.1.0.0
2025-10-20 08:18:51,850 [WARN] PackLoader:240 - Cannot read IP mode file for STMicroelectronics.X-CUBE-TOUCHGFX.4.25.0
2025-10-20 08:18:51,853 [WARN] PackLoader:240 - Cannot read IP mode file for STMicroelectronics.FP-SNS-STBOX1.2.0.0
2025-10-20 08:18:51,863 [WARN] PackLoader:240 - Cannot read IP mode file for STMicroelectronics.X-CUBE-AZRTOS-L5.1.1.0
2025-10-20 08:18:51,868 [WARN] PackLoader:240 - Cannot read IP mode file for STMicroelectronics.X-CUBE-AI.8.0.1
2025-10-20 08:18:51,874 [WARN] PackLoader:240 - Cannot read IP mode file for STMicroelectronics.X-CUBE-SUBG2.5.0.0
2025-10-20 08:18:51,889 [WARN] PackLoader:240 - Cannot read IP mode file for STMicroelectronics.X-CUBE-AZRTOS-H7RS.1.1.0
2025-10-20 08:18:51,894 [WARN] PackLoader:240 - Cannot read IP mode file for Cesanta.I-CUBE-Mongoose.7.13.0
2025-10-20 08:18:51,900 [WARN] PackLoader:240 - Cannot read IP mode file for STMicroelectronics.X-CUBE-TOF1.3.3.1
2025-10-20 08:18:51,922 [WARN] PackLoader:240 - Cannot read IP mode file for STMicroelectronics.X-CUBE-AZRTOS-G4.2.0.0
2025-10-20 08:18:51,929 [WARN] PackLoader:240 - Cannot read IP mode file for STMicroelectronics.X-CUBE-TOF1.3.3.0
2025-10-20 08:18:51,935 [WARN] PackLoader:240 - Cannot read IP mode file for STMicroelectronics.FP-ATR-ASTRA1.1.1.1
2025-10-20 08:18:51,941 [WARN] PackLoader:240 - Cannot read IP mode file for Infineon.AIROC-Wi-Fi-Bluetooth-STM32.1.5.1
2025-10-20 08:18:51,945 [WARN] PackLoader:240 - Cannot read IP mode file for STMicroelectronics.FP-ATR-ASTRA1.1.1.0
2025-10-20 08:18:51,948 [WARN] PackLoader:240 - Cannot read IP mode file for STMicroelectronics.FP-SNS-MOTENVWB1.1.3.0
2025-10-20 08:18:51,950 [WARN] PackLoader:240 - Cannot read IP mode file for STMicroelectronics.X-CUBE-NFC7.2.0.0
2025-10-20 08:18:51,954 [WARN] PackLoader:240 - Cannot read IP mode file for STMicroelectronics.FP-SNS-MOTENVWB1.1.3.1
2025-10-20 08:18:51,962 [WARN] PackLoader:240 - Cannot read IP mode file for STMicroelectronics.X-CUBE-AZRTOS-G4.1.0.0
2025-10-20 08:18:51,973 [WARN] PackLoader:240 - Cannot read IP mode file for STMicroelectronics.X-CUBE-AZRTOS-L4.1.0.0
2025-10-20 08:18:51,977 [WARN] PackLoader:240 - Cannot read IP mode file for STMicroelectronics.X-CUBE-ISPU.2.0.0
2025-10-20 08:18:51,985 [WARN] PackLoader:240 - Cannot read IP mode file for STMicroelectronics.X-CUBE-IPS.3.1.0
2025-10-20 08:18:51,991 [WARN] PackLoader:240 - Cannot read IP mode file for STMicroelectronics.X-CUBE-ALS.1.0.2
2025-10-20 08:18:52,013 [WARN] PackLoader:240 - Cannot read IP mode file for STMicroelectronics.X-CUBE-MEMS1.10.0.0
2025-10-20 08:18:52,070 [WARN] PackLoader:240 - Cannot read IP mode file for STMicroelectronics.X-CUBE-FREERTOS.1.1.0
2025-10-20 08:18:52,073 [WARN] PackLoader:240 - Cannot read IP mode file for STMicroelectronics.X-CUBE-TOUCHGFX.4.24.0
2025-10-20 08:18:52,080 [WARN] PackLoader:240 - Cannot read IP mode file for STMicroelectronics.X-CUBE-AZRTOS-F7.1.0.0
2025-10-20 08:18:52,086 [WARN] PackLoader:240 - Cannot read IP mode file for STMicroelectronics.X-CUBE-TOUCHGFX.4.24.2
2025-10-20 08:18:52,095 [WARN] PackLoader:240 - Cannot read IP mode file for STMicroelectronics.X-CUBE-AZRTOS-WL.1.0.0
2025-10-20 08:18:52,097 [WARN] PackLoader:240 - Cannot read IP mode file for STMicroelectronics.X-CUBE-TOUCHGFX.4.24.1
2025-10-20 08:18:52,101 [WARN] PackLoader:240 - Cannot read IP mode file for STMicroelectronics.X-CUBE-STSE01.1.0.0
2025-10-20 08:18:52,123 [WARN] PackLoader:240 - Cannot read IP mode file for STMicroelectronics.X-CUBE-MEMS1.9.1.0
2025-10-20 08:18:52,167 [WARN] PackLoader:240 - Cannot read IP mode file for wolfSSL.I-CUBE-wolfTPM.3.4.0
2025-10-20 08:18:52,174 [WARN] PackLoader:240 - Cannot read IP mode file for portGmbH.I-Cube-SoM-uGOAL.1.1.0
2025-10-20 08:18:52,176 [WARN] PackLoader:240 - Cannot read IP mode file for STMicroelectronics.X-CUBE-ALS.1.0.1
2025-10-20 08:18:52,183 [WARN] PackLoader:240 - Cannot read IP mode file for STMicroelectronics.X-CUBE-AZRTOS-WB.1.1.0
2025-10-20 08:18:52,191 [WARN] PackLoader:240 - Cannot read IP mode file for STMicroelectronics.X-CUBE-AZRTOS-L5.1.0.0
2025-10-20 08:18:52,197 [WARN] PackLoader:240 - Cannot read IP mode file for STMicroelectronics.X-CUBE-EEPRMA1.3.1.1
2025-10-20 08:18:52,210 [WARN] PackLoader:240 - Cannot read IP mode file for STMicroelectronics.X-CUBE-AZRTOS-H7RS.1.0.0
2025-10-20 08:18:52,216 [WARN] PackLoader:240 - Cannot read IP mode file for STMicroelectronics.X-CUBE-GNSS1.5.2.0
2025-10-20 08:18:52,218 [WARN] PackLoader:240 - Cannot read IP mode file for STMicroelectronics.FP-ATR-ASTRA1.2.0.0
2025-10-20 08:18:52,226 [WARN] PackLoader:240 - Cannot read IP mode file for STMicroelectronics.X-CUBE-TOF1.3.4.2
2025-10-20 08:18:52,244 [WARN] PackLoader:240 - Cannot read IP mode file for STMicroelectronics.X-CUBE-TOF1.3.4.3
2025-10-20 08:18:52,256 [WARN] PackLoader:240 - Cannot read IP mode file for STMicroelectronics.X-CUBE-TOF1.3.4.0
2025-10-20 08:18:52,268 [WARN] PackLoader:240 - Cannot read IP mode file for STMicroelectronics.X-CUBE-TOF1.3.4.1
2025-10-20 08:18:52,284 [WARN] PackLoader:240 - Cannot read IP mode file for STMicroelectronics.X-CUBE-AZRTOS-H7.3.2.0
2025-10-20 08:18:52,294 [WARN] PackLoader:240 - Cannot read IP mode file for Infineon.AIROC-Wi-Fi-Bluetooth-STM32.1.6.0
2025-10-20 08:18:52,298 [WARN] PackLoader:240 - Cannot read IP mode file for wolfSSL.I-CUBE-wolfSSH.1.4.17
2025-10-20 08:18:52,298 [INFO] ThirdParty:978 - Integrity check success = true
2025-10-20 08:18:52,298 [INFO] IntegrityCheckThread:100 - exiting critical section [integrity check]
2025-10-20 08:18:52,298 [INFO] IntegrityCheckThread:103 - End integrity checks thread
2025-10-20 10:08:44,539 [INFO] WebApp:194 - Connection lost
2025-10-20 10:08:44,782 [INFO] WebApp:191 - Connection restablished
2025-10-20 10:08:47,243 [INFO] WebApp:194 - Connection lost
2025-10-20 10:08:47,520 [INFO] WebApp:191 - Connection restablished
2025-10-20 10:08:59,073 [INFO] WebApp:194 - Connection lost
2025-10-20 10:08:59,241 [INFO] WebApp:191 - Connection restablished
2025-10-20 10:09:01,732 [INFO] WebApp:194 - Connection lost
2025-10-20 10:09:01,957 [INFO] WebApp:191 - Connection restablished
2025-10-20 10:09:04,751 [INFO] WebApp:194 - Connection lost
2025-10-20 10:09:05,028 [INFO] WebApp:191 - Connection restablished
2025-10-20 10:09:11,974 [INFO] WebApp:194 - Connection lost
2025-10-20 10:09:12,263 [INFO] WebApp:191 - Connection restablished
2025-10-20 10:09:15,911 [INFO] WebApp:194 - Connection lost
2025-10-20 10:09:16,069 [INFO] WebApp:191 - Connection restablished
2025-10-20 10:09:22,253 [INFO] WebApp:194 - Connection lost
2025-10-20 10:09:22,435 [INFO] WebApp:191 - Connection restablished
2025-10-20 10:33:48,723 [INFO] WebApp:194 - Connection lost
2025-10-20 10:33:48,993 [INFO] WebApp:191 - Connection restablished
2025-10-20 10:35:27,754 [INFO] WebApp:194 - Connection lost
2025-10-20 10:35:27,945 [INFO] WebApp:191 - Connection restablished
2025-10-20 11:49:34,726 [INFO] WebApp:194 - Connection lost
2025-10-20 11:49:34,941 [INFO] WebApp:191 - Connection restablished
2025-10-20 11:49:50,726 [INFO] WebApp:194 - Connection lost
2025-10-20 11:49:50,928 [INFO] WebApp:191 - Connection restablished
2025-10-20 11:51:02,752 [INFO] WebApp:194 - Connection lost
2025-10-20 11:51:02,976 [INFO] WebApp:191 - Connection restablished
2025-10-20 12:04:49,250 [INFO] WebApp:194 - Connection lost
2025-10-20 12:04:49,441 [INFO] WebApp:191 - Connection restablished
2025-10-20 16:23:18,160 [ERROR] LogOutputStream:75 - [STDERR_REDIRECT] 
2025-10-20 20:05:39,403 [INFO] Activator:176 - 


2025-10-20 20:05:39,406 [INFO] Activator:177 - !SESSION log4j initialized
2025-10-20 20:05:48,303 [INFO] LogOutputStream:77 - [STDOUT_REDIRECT] 
2025-10-20 20:05:54,809 [INFO] ApplicationProperties:184 - Using Application install path: C:\ST\STM32CubeIDE_1.8.0\STM32CubeIDE\plugins\com.st.stm32cube.common.mx_6.15.0.202507011659
2025-10-20 20:05:54,833 [INFO] DbMcusXml:78 - Set database path to: C:\ST\STM32CubeIDE_1.8.0\STM32CubeIDE\plugins\com.st.stm32cube.common.mx_6.15.0.202507011659\\db\/mcu/
2025-10-20 20:05:54,833 [INFO] ApiDb:274 - Set plugin database path to: C:\ST\STM32CubeIDE_1.8.0\STM32CubeIDE\plugins\com.st.stm32cube.common.mx_6.15.0.202507011659\\db\/plugins/boardmanager/
2025-10-20 20:05:54,833 [WARN] ApiDb:259 - Overriding images path with different value:  => C:\ST\STM32CubeIDE_1.8.0\STM32CubeIDE\plugins\com.st.stm32cube.common.mx_6.15.0.202507011659\\db\/plugins/mcufinder/images/
2025-10-20 20:05:54,847 [INFO] ApiDb:250 - Set database path to: C:\Users\AW\.stmcufinder\plugins\mcufinder//mcu/
2025-10-20 20:05:54,849 [INFO] DbMcusAds:125 - Set database path to: C:\Users\AW\.stmcufinder\plugins\mcufinder//mcu/
2025-10-20 20:05:54,852 [INFO] CrossReferenceDbSqlite:203 - Set database path to: C:\Users\AW\.stmcufinder\plugins\mcufinder//mcu/cs/
2025-10-20 20:05:55,086 [INFO] RulesReader:64 - Compatibility file has been processed (317 Rules)
2025-10-20 20:05:55,253 [INFO] DbMcusXml:78 - Set database path to: C:\ST\STM32CubeIDE_1.8.0\STM32CubeIDE\plugins\com.st.stm32cube.common.mx_6.15.0.202507011659\\db\/mcu/
2025-10-20 20:05:55,253 [INFO] ApiDb:274 - Set plugin database path to: C:\ST\STM32CubeIDE_1.8.0\STM32CubeIDE\plugins\com.st.stm32cube.common.mx_6.15.0.202507011659\\db\/plugins/boardmanager/
2025-10-20 20:05:55,253 [INFO] ApiDb:261 - Set plugin images path to: C:\ST\STM32CubeIDE_1.8.0\STM32CubeIDE\plugins\com.st.stm32cube.common.mx_6.15.0.202507011659\\db\/plugins/mcufinder/images/
2025-10-20 20:05:55,254 [WARN] DbFile:41 - Overriding database path with different value: C:\Users\AW\.stmcufinder\plugins\mcufinder/ => C:\Users\AW\.stmcufinder\plugins\mcufinder
2025-10-20 20:05:55,254 [INFO] ApiDb:250 - Set database path to: C:\Users\AW\.stmcufinder\plugins\mcufinder//mcu/
2025-10-20 20:05:55,254 [WARN] DbFile:41 - Overriding database path with different value: C:\Users\AW\.stmcufinder\plugins\mcufinder/ => C:\Users\AW\.stmcufinder\plugins\mcufinder
2025-10-20 20:05:55,255 [INFO] DbMcusAds:125 - Set database path to: C:\Users\AW\.stmcufinder\plugins\mcufinder//mcu/
2025-10-20 20:05:55,255 [WARN] DbFile:41 - Overriding database path with different value: C:\Users\AW\.stmcufinder\plugins\mcufinder/ => C:\Users\AW\.stmcufinder\plugins\mcufinder
2025-10-20 20:05:55,255 [WARN] DbFile:41 - Overriding database path with different value: C:\Users\AW\.stmcufinder\plugins\mcufinder/ => C:\Users\AW\.stmcufinder\plugins\mcufinder
2025-10-20 20:05:55,255 [INFO] CrossReferenceDbSqlite:203 - Set database path to: C:\Users\AW\.stmcufinder\plugins\mcufinder//mcu/cs/
2025-10-20 20:05:55,391 [INFO] MainPanel:274 - HeapMemory: 268435456
2025-10-20 20:05:55,589 [INFO] DbMcusXml:78 - Set database path to: C:\ST\STM32CubeIDE_1.8.0\STM32CubeIDE\plugins\com.st.stm32cube.common.mx_6.15.0.202507011659\\db\/mcu/
2025-10-20 20:05:55,590 [INFO] ApiDb:274 - Set plugin database path to: C:\ST\STM32CubeIDE_1.8.0\STM32CubeIDE\plugins\com.st.stm32cube.common.mx_6.15.0.202507011659\\db\/plugins/boardmanager/
2025-10-20 20:05:55,590 [INFO] ApiDb:261 - Set plugin images path to: C:\ST\STM32CubeIDE_1.8.0\STM32CubeIDE\plugins\com.st.stm32cube.common.mx_6.15.0.202507011659\\db\/plugins/mcufinder/images/
2025-10-20 20:05:55,591 [WARN] DbFile:41 - Overriding database path with different value: C:\Users\AW\.stmcufinder\plugins\mcufinder/ => C:\Users\AW\.stmcufinder\plugins\mcufinder
2025-10-20 20:05:55,591 [INFO] ApiDb:250 - Set database path to: C:\Users\AW\.stmcufinder\plugins\mcufinder//mcu/
2025-10-20 20:05:55,591 [WARN] DbFile:41 - Overriding database path with different value: C:\Users\AW\.stmcufinder\plugins\mcufinder/ => C:\Users\AW\.stmcufinder\plugins\mcufinder
2025-10-20 20:05:55,591 [INFO] DbMcusAds:125 - Set database path to: C:\Users\AW\.stmcufinder\plugins\mcufinder//mcu/
2025-10-20 20:05:55,592 [WARN] DbFile:41 - Overriding database path with different value: C:\Users\AW\.stmcufinder\plugins\mcufinder/ => C:\Users\AW\.stmcufinder\plugins\mcufinder
2025-10-20 20:05:55,592 [WARN] DbFile:41 - Overriding database path with different value: C:\Users\AW\.stmcufinder\plugins\mcufinder/ => C:\Users\AW\.stmcufinder\plugins\mcufinder
2025-10-20 20:05:55,592 [INFO] CrossReferenceDbSqlite:203 - Set database path to: C:\Users\AW\.stmcufinder\plugins\mcufinder//mcu/cs/
2025-10-20 20:05:55,620 [INFO] ApplicationProperties:184 - Using Application install path: C:\ST\STM32CubeIDE_1.8.0\STM32CubeIDE\plugins\com.st.stm32cube.common.mx_6.15.0.202507011659
2025-10-20 20:05:55,621 [INFO] PluginManage:196 - Search for loadable plugins [exclusion list=, ]
2025-10-20 20:05:55,623 [INFO] PluginManage:310 - Check plugin analytics
2025-10-20 20:06:00,640 [INFO] AnalyticsPlugin:253 - Accepted Software Licenses: 
2025-10-20 20:06:00,641 [INFO] AnalyticsPlugin:255 - Accepted CMSIS Pack Licenses: 
2025-10-20 20:06:00,641 [INFO] AnalyticsPlugin:257 - Accepted Firmware Licenses: FW.F7.1.17.0,FW.F4.1.28.0
2025-10-20 20:06:00,647 [INFO] PluginManage:359 - Loaded plugin analytics (category:tool,tabindex:-1)
2025-10-20 20:06:00,647 [INFO] PluginManage:310 - Check plugin cadmodel
2025-10-20 20:06:00,656 [INFO] CADModel:105 - Init CAD model plugin
2025-10-20 20:06:00,656 [INFO] PluginManage:359 - Loaded plugin cadmodel (category:power,tabindex:5)
2025-10-20 20:06:00,657 [INFO] PluginManage:310 - Check plugin clock
2025-10-20 20:06:00,674 [INFO] PluginManage:359 - Loaded plugin clock (category:base,tabindex:2)
2025-10-20 20:06:00,675 [INFO] PluginManage:310 - Check plugin ddr
2025-10-20 20:06:00,680 [INFO] PluginManage:359 - Loaded plugin ddr (category:tool,tabindex:6)
2025-10-20 20:06:00,680 [INFO] PluginManage:310 - Check plugin filemanager
2025-10-20 20:06:00,920 [INFO] PluginManage:359 - Loaded plugin filemanager (category:base,tabindex:10)
2025-10-20 20:06:00,921 [INFO] PluginManage:310 - Check plugin ipmanager
2025-10-20 20:06:00,929 [INFO] PluginManage:359 - Loaded plugin ipmanager (category:base,tabindex:5)
2025-10-20 20:06:00,929 [INFO] PluginManage:310 - Check plugin lpbam
2025-10-20 20:06:00,938 [INFO] PluginManage:359 - Loaded plugin lpbam (category:base,tabindex:0)
2025-10-20 20:06:00,939 [INFO] PluginManage:310 - Check plugin memorymap
2025-10-20 20:06:00,954 [INFO] PluginManage:359 - Loaded plugin memorymap (category:base,tabindex:4)
2025-10-20 20:06:00,954 [INFO] PluginManage:310 - Check plugin pinoutandconfiguration
2025-10-20 20:06:00,965 [INFO] PluginManage:359 - Loaded plugin pinoutandconfiguration (category:base,tabindex:1)
2025-10-20 20:06:00,965 [INFO] PluginManage:310 - Check plugin pinoutconfig
2025-10-20 20:06:01,064 [WARN] SupportedApi:132 - Cannot load RTOS API schema: s4s-elt-must-match.1: The content of 'definitions' must match (annotation?, (simpleType | complexType)?, (unique | key | keyref)*)). A problem was found starting at: attribute.
2025-10-20 20:06:01,221 [INFO] PluginManage:359 - Loaded plugin pinoutconfig (category:base,tabindex:0)
2025-10-20 20:06:01,221 [INFO] PluginManage:310 - Check plugin power
2025-10-20 20:06:01,235 [INFO] PluginManage:359 - Loaded plugin power (category:power,tabindex:4)
2025-10-20 20:06:01,235 [INFO] PluginManage:310 - Check plugin projectmanager
2025-10-20 20:06:01,257 [INFO] PluginManage:359 - Loaded plugin projectmanager (category:projectmanager,tabindex:4)
2025-10-20 20:06:01,257 [INFO] PluginManage:310 - Check plugin rif
2025-10-20 20:06:01,272 [INFO] PluginManage:359 - Loaded plugin rif (category:base,tabindex:3)
2025-10-20 20:06:01,272 [INFO] PluginManage:310 - Check plugin thirdparty
2025-10-20 20:06:01,460 [WARN] IntegrityCheckThread:84 - waiting for thirdparty lock release [integrity check]
2025-10-20 20:06:01,460 [INFO] IntegrityCheckThread:86 - entering critical section [integrity check]
2025-10-20 20:06:01,461 [INFO] ThirdPartyUpdaterWithRetryManager:70 - Updater plugin not ready yet. [1/15]
2025-10-20 20:06:01,462 [INFO] PluginManage:359 - Loaded plugin thirdparty (category:base,tabindex:-1)
2025-10-20 20:06:01,462 [INFO] PluginManage:310 - Check plugin tools
2025-10-20 20:06:01,467 [INFO] PluginManage:359 - Loaded plugin tools (category:base,tabindex:7)
2025-10-20 20:06:01,467 [INFO] PluginManage:310 - Check plugin tutovideos
2025-10-20 20:06:01,770 [INFO] PluginManage:359 - Loaded plugin tutovideos (category:base,tabindex:-1)
2025-10-20 20:06:01,770 [INFO] PluginManage:310 - Check plugin updater
2025-10-20 20:06:01,806 [INFO] PluginManage:359 - Loaded plugin updater (category:base,tabindex:12)
2025-10-20 20:06:01,806 [INFO] PluginManage:310 - Check plugin userauth
2025-10-20 20:06:01,814 [INFO] UserAuth:118 - Init User Auth plugin
2025-10-20 20:06:01,815 [INFO] PluginManage:359 - Loaded plugin userauth (category:base,tabindex:14)
2025-10-20 20:06:01,816 [INFO] PluginManage:283 - PluginManage : Loaded plugins [18]
2025-10-20 20:06:02,164 [INFO] PinOutPanel:1589 - setPackage(No Configuration,No Configuration)
2025-10-20 20:06:02,293 [INFO] CADModel:165 - CPN selected for project level
2025-10-20 20:06:02,293 [INFO] CADModel:114 - Register for checkConnection events
2025-10-20 20:06:02,326 [INFO] IPUIPlugin:80 - create IPUIPlugin
2025-10-20 20:06:02,327 [INFO] PluginManager:220 - loadIPPluginJar : add adc
2025-10-20 20:06:02,333 [INFO] IPUIPlugin:80 - create IPUIPlugin
2025-10-20 20:06:02,333 [INFO] PluginManager:220 - loadIPPluginJar : add aes
2025-10-20 20:06:02,338 [INFO] IPUIPlugin:80 - create IPUIPlugin
2025-10-20 20:06:02,339 [INFO] PluginManager:220 - loadIPPluginJar : add can
2025-10-20 20:06:02,342 [INFO] IPUIPlugin:80 - create IPUIPlugin
2025-10-20 20:06:02,342 [INFO] PluginManager:220 - loadIPPluginJar : add comp
2025-10-20 20:06:02,348 [INFO] IPUIPlugin:80 - create IPUIPlugin
2025-10-20 20:06:02,348 [INFO] PluginManager:220 - loadIPPluginJar : add cryp
2025-10-20 20:06:02,355 [INFO] IPUIPlugin:80 - create IPUIPlugin
2025-10-20 20:06:02,355 [INFO] PluginManager:220 - loadIPPluginJar : add ddr_ctrl_phy
2025-10-20 20:06:02,360 [INFO] IPUIPlugin:80 - create IPUIPlugin
2025-10-20 20:06:02,360 [INFO] PluginManager:220 - loadIPPluginJar : add dfsdm
2025-10-20 20:06:02,369 [INFO] IPUIPlugin:80 - create IPUIPlugin
2025-10-20 20:06:02,370 [INFO] PluginManager:220 - loadIPPluginJar : add dma
2025-10-20 20:06:02,377 [INFO] IPUIPlugin:80 - create IPUIPlugin
2025-10-20 20:06:02,377 [INFO] PluginManager:220 - loadIPPluginJar : add dma3
2025-10-20 20:06:02,382 [INFO] IPUIPlugin:80 - create IPUIPlugin
2025-10-20 20:06:02,382 [INFO] PluginManager:220 - loadIPPluginJar : add extmemmanager
2025-10-20 20:06:02,386 [INFO] IPUIPlugin:80 - create IPUIPlugin
2025-10-20 20:06:02,386 [INFO] PluginManager:220 - loadIPPluginJar : add fatfs
2025-10-20 20:06:02,393 [INFO] IPUIPlugin:80 - create IPUIPlugin
2025-10-20 20:06:02,393 [INFO] PluginManager:220 - loadIPPluginJar : add fmc
2025-10-20 20:06:02,401 [INFO] IPUIPlugin:80 - create IPUIPlugin
2025-10-20 20:06:02,402 [INFO] PluginManager:220 - loadIPPluginJar : add freertos
2025-10-20 20:06:02,404 [INFO] IPUIPlugin:80 - create IPUIPlugin
2025-10-20 20:06:02,404 [INFO] PluginManager:220 - loadIPPluginJar : add genericplugin
2025-10-20 20:06:02,406 [INFO] IPUIPlugin:80 - create IPUIPlugin
2025-10-20 20:06:02,406 [INFO] PluginManager:220 - loadIPPluginJar : add gfxmmu
2025-10-20 20:06:02,412 [INFO] IPUIPlugin:80 - create IPUIPlugin
2025-10-20 20:06:02,413 [INFO] PluginManager:220 - loadIPPluginJar : add gic
2025-10-20 20:06:02,417 [INFO] IPUIPlugin:80 - create IPUIPlugin
2025-10-20 20:06:02,417 [INFO] PluginManager:220 - loadIPPluginJar : add gpio
2025-10-20 20:06:02,422 [INFO] IPUIPlugin:80 - create IPUIPlugin
2025-10-20 20:06:02,422 [INFO] PluginManager:220 - loadIPPluginJar : add gtzc
2025-10-20 20:06:02,425 [INFO] IPUIPlugin:80 - create IPUIPlugin
2025-10-20 20:06:02,425 [INFO] PluginManager:220 - loadIPPluginJar : add hash
2025-10-20 20:06:02,429 [INFO] IPUIPlugin:80 - create IPUIPlugin
2025-10-20 20:06:02,429 [INFO] PluginManager:220 - loadIPPluginJar : add i2c
2025-10-20 20:06:02,433 [INFO] IPUIPlugin:80 - create IPUIPlugin
2025-10-20 20:06:02,433 [INFO] PluginManager:220 - loadIPPluginJar : add i2s
2025-10-20 20:06:02,436 [INFO] IPUIPlugin:80 - create IPUIPlugin
2025-10-20 20:06:02,437 [INFO] PluginManager:220 - loadIPPluginJar : add i3c
2025-10-20 20:06:02,440 [INFO] IPUIPlugin:80 - create IPUIPlugin
2025-10-20 20:06:02,441 [INFO] PluginManager:220 - loadIPPluginJar : add ipddr
2025-10-20 20:06:02,449 [INFO] IPUIPlugin:80 - create IPUIPlugin
2025-10-20 20:06:02,449 [INFO] PluginManager:220 - loadIPPluginJar : add linkedlist
2025-10-20 20:06:02,452 [INFO] IPUIPlugin:80 - create IPUIPlugin
2025-10-20 20:06:02,452 [INFO] PluginManager:220 - loadIPPluginJar : add lorawan
2025-10-20 20:06:02,454 [INFO] IPUIPlugin:80 - create IPUIPlugin
2025-10-20 20:06:02,454 [INFO] PluginManager:220 - loadIPPluginJar : add ltdc
2025-10-20 20:06:02,461 [INFO] IPUIPlugin:80 - create IPUIPlugin
2025-10-20 20:06:02,462 [INFO] PluginManager:220 - loadIPPluginJar : add mdma
2025-10-20 20:06:02,466 [INFO] IPUIPlugin:80 - create IPUIPlugin
2025-10-20 20:06:02,466 [INFO] PluginManager:220 - loadIPPluginJar : add nvic
2025-10-20 20:06:02,470 [INFO] IPUIPlugin:80 - create IPUIPlugin
2025-10-20 20:06:02,470 [INFO] PluginManager:220 - loadIPPluginJar : add opamp
2025-10-20 20:06:02,475 [INFO] IPUIPlugin:80 - create IPUIPlugin
2025-10-20 20:06:02,475 [INFO] PluginManager:220 - loadIPPluginJar : add openamp
2025-10-20 20:06:02,480 [INFO] IPUIPlugin:80 - create IPUIPlugin
2025-10-20 20:06:02,480 [INFO] PluginManager:220 - loadIPPluginJar : add pdm2pcm
2025-10-20 20:06:02,488 [INFO] IPUIPlugin:80 - create IPUIPlugin
2025-10-20 20:06:02,491 [INFO] PluginManager:220 - loadIPPluginJar : add plateformsettings
2025-10-20 20:06:02,494 [INFO] IPUIPlugin:80 - create IPUIPlugin
2025-10-20 20:06:02,494 [INFO] PluginManager:220 - loadIPPluginJar : add quadspi
2025-10-20 20:06:02,496 [INFO] IPUIPlugin:80 - create IPUIPlugin
2025-10-20 20:06:02,497 [INFO] PluginManager:220 - loadIPPluginJar : add radio
2025-10-20 20:06:02,503 [INFO] IPUIPlugin:80 - create IPUIPlugin
2025-10-20 20:06:02,504 [INFO] PluginManager:220 - loadIPPluginJar : add resmgrutility
2025-10-20 20:06:02,508 [INFO] IPUIPlugin:80 - create IPUIPlugin
2025-10-20 20:06:02,508 [INFO] PluginManager:220 - loadIPPluginJar : add sai
2025-10-20 20:06:02,515 [INFO] IPUIPlugin:80 - create IPUIPlugin
2025-10-20 20:06:02,515 [INFO] PluginManager:220 - loadIPPluginJar : add spi
2025-10-20 20:06:02,525 [INFO] IPUIPlugin:80 - create IPUIPlugin
2025-10-20 20:06:02,526 [INFO] PluginManager:220 - loadIPPluginJar : add stm32_wpan
2025-10-20 20:06:02,528 [INFO] IPUIPlugin:80 - create IPUIPlugin
2025-10-20 20:06:02,528 [INFO] PluginManager:220 - loadIPPluginJar : add tim
2025-10-20 20:06:02,532 [INFO] IPUIPlugin:80 - create IPUIPlugin
2025-10-20 20:06:02,533 [INFO] PluginManager:220 - loadIPPluginJar : add touchsensing
2025-10-20 20:06:02,535 [INFO] IPUIPlugin:80 - create IPUIPlugin
2025-10-20 20:06:02,535 [INFO] PluginManager:220 - loadIPPluginJar : add tracer_emb
2025-10-20 20:06:02,538 [INFO] IPUIPlugin:80 - create IPUIPlugin
2025-10-20 20:06:02,538 [INFO] PluginManager:220 - loadIPPluginJar : add ts
2025-10-20 20:06:02,541 [INFO] IPUIPlugin:80 - create IPUIPlugin
2025-10-20 20:06:02,541 [INFO] PluginManager:220 - loadIPPluginJar : add tsc
2025-10-20 20:06:02,543 [INFO] IPUIPlugin:80 - create IPUIPlugin
2025-10-20 20:06:02,544 [INFO] PluginManager:220 - loadIPPluginJar : add ucpd
2025-10-20 20:06:02,547 [INFO] IPUIPlugin:80 - create IPUIPlugin
2025-10-20 20:06:02,547 [INFO] PluginManager:220 - loadIPPluginJar : add usart
2025-10-20 20:06:02,552 [INFO] IPUIPlugin:80 - create IPUIPlugin
2025-10-20 20:06:02,552 [INFO] PluginManager:220 - loadIPPluginJar : add usbx
2025-10-20 20:06:02,700 [FATAL] Updater:351 - Updater called before beeing initialized
2025-10-20 20:06:02,770 [INFO] RulesReader:64 - Compatibility file has been processed (317 Rules)
2025-10-20 20:06:02,794 [INFO] RulesReader:64 - Compatibility file has been processed (317 Rules)
2025-10-20 20:06:02,810 [INFO] CADModel:165 - CPN selected for project level
2025-10-20 20:06:02,810 [INFO] CADModel:114 - Register for checkConnection events
2025-10-20 20:06:02,810 [FATAL] Updater:351 - Updater called before beeing initialized
2025-10-20 20:06:02,811 [ERROR] CADModel:125 - Updater not yet initialized, retry later 
2025-10-20 20:06:03,113 [FATAL] Updater:351 - Updater called before beeing initialized
2025-10-20 20:06:03,116 [INFO] CADModel:165 - CPN selected for project level
2025-10-20 20:06:03,116 [INFO] CADModel:114 - Register for checkConnection events
2025-10-20 20:06:03,116 [FATAL] Updater:351 - Updater called before beeing initialized
2025-10-20 20:06:03,116 [ERROR] CADModel:125 - Updater not yet initialized, retry later 
2025-10-20 20:06:03,122 [FATAL] Updater:351 - Updater called before beeing initialized
2025-10-20 20:06:03,322 [FATAL] Updater:351 - Updater called before beeing initialized
2025-10-20 20:06:03,328 [INFO] DbMcusAds:53 - JSON generation date=Thu Oct 02 11:36:05 CEST 2025 (1759397765645)
2025-10-20 20:06:03,329 [FATAL] Updater:351 - Updater called before beeing initialized
2025-10-20 20:06:03,396 [WARN] DetailPanel:346 - Failed to get advertising image, set to default
2025-10-20 20:06:03,599 [FATAL] Updater:351 - Updater called before beeing initialized
2025-10-20 20:06:03,603 [FATAL] Updater:351 - Updater called before beeing initialized
2025-10-20 20:06:03,603 [FATAL] Updater:351 - Updater called before beeing initialized
2025-10-20 20:06:03,603 [WARN] DetailPanel:346 - Failed to get advertising image, set to default
2025-10-20 20:06:03,605 [FATAL] Updater:351 - Updater called before beeing initialized
2025-10-20 20:06:03,707 [ERROR] Updater:1198 - MainUpdater not yet initialized. External WinMGr cannot be set.
2025-10-20 20:06:03,710 [INFO] Updater:1134 - Updater Version found : 6.15.0
2025-10-20 20:06:03,736 [INFO] ApplicationProperties:184 - Using Application install path: C:\ST\STM32CubeIDE_1.8.0\STM32CubeIDE\plugins\com.st.stm32cube.common.mx_6.15.0.202507011659
2025-10-20 20:06:04,463 [INFO] ThirdPartyUpdaterWithRetryManager:70 - Updater plugin not ready yet. [2/15]
2025-10-20 20:06:04,581 [INFO] MainUpdater:2872 - connection check result : 10
2025-10-20 20:06:04,583 [INFO] MainUpdater:289 - Updater Check For Update Now.
2025-10-20 20:06:04,584 [INFO] MicroXplorer:498 - Change Database Version : DB.6.0.150
2025-10-20 20:06:04,604 [INFO] McuFinderGlobals:63 - Set McuFinder mode to 2 (CubeIDE integrated)
2025-10-20 20:06:04,607 [INFO] UserAuth:487 - Internet connection configuration mode: 1
2025-10-20 20:06:04,668 [INFO] JxBrowserEngine:152 - Initiate JxBrowser Engine with user profile folder
2025-10-20 20:06:04,897 [INFO] CheckServerUpdateThread:120 - End of CheckServer Thread
2025-10-20 20:06:06,800 [INFO] WebApp:169 - Instantiating new browser for Auth
2025-10-20 20:06:08,333 [INFO] WebApp:463 - Apply proxy settings
2025-10-20 20:06:08,333 [INFO] WebApp:548 - Chromium requires no authentication
2025-10-20 20:06:08,382 [INFO] WebApp:491 - Direct internet connection detected
2025-10-20 20:06:08,478 [INFO] WebApp:900 - Register for checkConnection events
2025-10-20 20:06:08,478 [INFO] WebApp:463 - Apply proxy settings
2025-10-20 20:06:08,478 [INFO] WebApp:548 - Chromium requires no authentication
2025-10-20 20:06:08,479 [INFO] WebApp:491 - Direct internet connection detected
2025-10-20 20:06:08,550 [WARN] PackLoader:240 - Cannot read IP mode file for STMicroelectronics.FP-SNS-MOTENVWB1.1.4.0
2025-10-20 20:06:08,577 [WARN] PackLoader:240 - Cannot read IP mode file for STMicroelectronics.FP-ATR-ASTRA1.2.0.2
2025-10-20 20:06:08,588 [WARN] PackLoader:240 - Cannot read IP mode file for STMicroelectronics.FP-ATR-ASTRA1.2.0.1
2025-10-20 20:06:08,614 [WARN] PackLoader:240 - Cannot read IP mode file for STMicroelectronics.X-CUBE-SMBUS.2.1.0
2025-10-20 20:06:08,643 [WARN] PackLoader:240 - Cannot read IP mode file for STMicroelectronics.X-CUBE-WB05N.1.1.0
2025-10-20 20:06:08,657 [WARN] PackLoader:240 - Cannot read IP mode file for STMicroelectronics.X-CUBE-ST60.1.0.0
2025-10-20 20:06:08,677 [WARN] PackLoader:240 - Cannot read IP mode file for STMicroelectronics.X-CUBE-TOUCHGFX.4.23.0
2025-10-20 20:06:08,719 [INFO] WebApp:191 - Connection restablished
2025-10-20 20:06:08,853 [WARN] PackLoader:240 - Cannot read IP mode file for STMicroelectronics.X-CUBE-MEMS1.9.2.0
2025-10-20 20:06:09,171 [INFO] WebApp:225 - Starting web application
2025-10-20 20:06:09,172 [INFO] WebApp:593 - Web application path used C:\ST\STM32CubeIDE_1.8.0\STM32CubeIDE\plugins\com.st.stm32cube.common.mx_6.15.0.202507011659\db\plugins\mcufinder\reactClient1\index.html
2025-10-20 20:06:09,352 [WARN] PackLoader:240 - Cannot read IP mode file for STMicroelectronics.X-CUBE-TOUCHGFX.4.23.2
2025-10-20 20:06:09,433 [WARN] PackLoader:240 - Cannot read IP mode file for STMicroelectronics.X-CUBE-AZRTOS-F7.1.1.0
2025-10-20 20:06:09,735 [INFO] UserAuth:487 - Internet connection configuration mode: 1
2025-10-20 20:06:09,856 [WARN] PackLoader:240 - Cannot read IP mode file for STMicroelectronics.X-CUBE-AI.7.1.0
2025-10-20 20:06:09,861 [WARN] PackLoader:240 - Cannot read IP mode file for STMicroelectronics.X-CUBE-TOUCHGFX.4.19.1
2025-10-20 20:06:10,119 [ERROR] RealEvaluatedCondition:428 - Found unsupported composite condition: CLASS='Data Exchange' GROUP='STM32_MetaDataManager'
2025-10-20 20:06:10,120 [ERROR] RealEvaluatedCondition:428 - Found unsupported composite condition: GROUP='STM32_MetaDataManager' CLASS='Data Exchange'
2025-10-20 20:06:10,122 [WARN] PackLoader:240 - Cannot read IP mode file for STMicroelectronics.FP-SNS-MOTENV1.4.3.0
2025-10-20 20:06:10,136 [WARN] PackLoader:240 - Cannot read IP mode file for STMicroelectronics.FP-SNS-MOTENV1.4.3.2
2025-10-20 20:06:10,148 [WARN] PackLoader:240 - Cannot read IP mode file for STMicroelectronics.FP-SNS-FLIGHT1.5.0.0
2025-10-20 20:06:10,155 [ERROR] RealEvaluatedCondition:428 - Found unsupported composite condition: GROUP='STM32_MetaDataManager' CLASS='Data Exchange'
2025-10-20 20:06:10,155 [ERROR] RealEvaluatedCondition:428 - Found unsupported composite condition: CLASS='Data Exchange' GROUP='STM32_MetaDataManager'
2025-10-20 20:06:10,158 [WARN] PackLoader:240 - Cannot read IP mode file for STMicroelectronics.FP-SNS-MOTENV1.4.3.1
2025-10-20 20:06:10,202 [WARN] PackLoader:240 - Cannot read IP mode file for STMicroelectronics.FP-SNS-FLIGHT1.5.0.1
2025-10-20 20:06:10,214 [WARN] PackLoader:240 - Cannot read IP mode file for STMicroelectronics.X-CUBE-BLE1.6.2.3
2025-10-20 20:06:10,298 [WARN] PackLoader:240 - Cannot read IP mode file for STMicroelectronics.X-CUBE-MEMS1.11.0.0
2025-10-20 20:06:10,462 [WARN] PackLoader:240 - Cannot read IP mode file for STMicroelectronics.X-CUBE-BLE1.6.2.4
2025-10-20 20:06:10,466 [WARN] PackLoader:240 - Cannot read IP mode file for STMicroelectronics.X-CUBE-BLE1.6.2.2
2025-10-20 20:06:10,471 [WARN] PackLoader:240 - Cannot read IP mode file for STMicroelectronics.FP-SNS-FLIGHT1.5.0.2
2025-10-20 20:06:10,478 [WARN] PackLoader:240 - Cannot read IP mode file for STMicroelectronics.X-CUBE-BLE2.3.2.2
2025-10-20 20:06:10,501 [WARN] PackLoader:240 - Cannot read IP mode file for Infineon.AIROC-Wi-Fi-Bluetooth-STM32.1.7.0
2025-10-20 20:06:10,511 [WARN] PackLoader:240 - Cannot read IP mode file for STMicroelectronics.X-CUBE-TOUCHGFX.4.19.0
2025-10-20 20:06:10,520 [WARN] PackLoader:240 - Cannot read IP mode file for STMicroelectronics.X-CUBE-TOF1.3.1.0
2025-10-20 20:06:10,530 [WARN] PackLoader:240 - Cannot read IP mode file for wolfSSL.I-CUBE-wolfSSL.5.1.1
2025-10-20 20:06:10,556 [WARN] PackLoader:240 - Cannot read IP mode file for STMicroelectronics.X-CUBE-AZRTOS-H7.3.4.0
2025-10-20 20:06:10,571 [WARN] PackLoader:240 - Cannot read IP mode file for STMicroelectronics.X-CUBE-DISPLAY.3.0.0
2025-10-20 20:06:10,583 [WARN] PackLoader:240 - Cannot read IP mode file for STMicroelectronics.X-CUBE-BLE1.7.0.0
2025-10-20 20:06:10,595 [WARN] PackLoader:240 - Cannot read IP mode file for STMicroelectronics.X-CUBE-NFC10.1.0.0
2025-10-20 20:06:10,612 [WARN] PackLoader:240 - Cannot read IP mode file for STMicroelectronics.X-CUBE-BLEMGR.4.0.0
2025-10-20 20:06:10,620 [WARN] PackLoader:240 - Cannot read IP mode file for STMicroelectronics.X-CUBE-ST60.1.1.0
2025-10-20 20:06:10,632 [WARN] PackLoader:240 - Cannot read IP mode file for emotas.I-CUBE-CANOPEN.1.3.0
2025-10-20 20:06:10,636 [WARN] PackLoader:240 - Cannot read IP mode file for STMicroelectronics.X-CUBE-TOUCHGFX.4.22.0
2025-10-20 20:06:10,642 [WARN] PackLoader:240 - Cannot read IP mode file for STMicroelectronics.X-CUBE-TOUCHGFX.4.22.1
2025-10-20 20:06:10,658 [WARN] PackLoader:240 - Cannot read IP mode file for STMicroelectronics.X-CUBE-SUBG2.4.2.0
2025-10-20 20:06:10,747 [WARN] PackLoader:240 - Cannot read IP mode file for STMicroelectronics.X-CUBE-MEMS1.9.3.0
2025-10-20 20:06:10,870 [WARN] PackLoader:240 - Cannot read IP mode file for STMicroelectronics.X-CUBE-AI.7.2.0
2025-10-20 20:06:10,881 [WARN] PackLoader:240 - Cannot read IP mode file for STMicroelectronics.X-CUBE-BLEMGR.3.1.0
2025-10-20 20:06:10,887 [WARN] PackLoader:240 - Cannot read IP mode file for STMicroelectronics.X-CUBE-AI.10.0.0
2025-10-20 20:06:10,900 [WARN] PackLoader:240 - Cannot read IP mode file for STMicroelectronics.FP-SNS-STBOX1.2.1.0
2025-10-20 20:06:10,921 [WARN] PackLoader:240 - Cannot read IP mode file for STMicroelectronics.FP-SNS-SMARTAG2.1.2.0
2025-10-20 20:06:10,930 [WARN] PackLoader:240 - Cannot read IP mode file for STMicroelectronics.FP-SNS-FLIGHT1.5.1.0
2025-10-20 20:06:11,004 [WARN] PackLoader:240 - Cannot read IP mode file for STMicroelectronics.X-CUBE-MEMS1.11.1.0
2025-10-20 20:06:11,230 [INFO] LogOutputStream:77 - [STDOUT_REDIRECT] 1 : Invalid condition id : UX_CORESTACK_Condition cause : null
2025-10-20 20:06:11,231 [INFO] LogOutputStream:77 - [STDOUT_REDIRECT] 1 : Invalid condition id : UX_CORESTACK_Condition cause : null
2025-10-20 20:06:11,232 [INFO] LogOutputStream:77 - [STDOUT_REDIRECT] 1 : Invalid condition id : UX_CORESTACK_Condition cause : null
2025-10-20 20:06:11,233 [INFO] LogOutputStream:77 - [STDOUT_REDIRECT] 1 : Invalid condition id : UX_CORESTACK_Condition cause : null
2025-10-20 20:06:11,235 [INFO] LogOutputStream:77 - [STDOUT_REDIRECT] 1 : Invalid condition id : UX_CORESTACK_Condition cause : null
2025-10-20 20:06:11,239 [WARN] PackLoader:240 - Cannot read IP mode file for STMicroelectronics.X-CUBE-AZRTOS-WL.2.0.0
2025-10-20 20:06:11,246 [WARN] PackLoader:240 - Cannot read IP mode file for STMicroelectronics.FP-SNS-MOTENV1.5.0.0
2025-10-20 20:06:11,251 [WARN] PackLoader:240 - Cannot read IP mode file for wolfSSL.I-CUBE-wolfMQTT.1.19.0
2025-10-20 20:06:11,260 [WARN] PackLoader:240 - Cannot read IP mode file for WES.I-CUBE-Cesium.1.3.0
2025-10-20 20:06:11,265 [WARN] PackLoader:240 - Cannot read IP mode file for STMicroelectronics.X-CUBE-BLE2.3.3.0
2025-10-20 20:06:11,271 [WARN] PackLoader:240 - Cannot read IP mode file for STMicroelectronics.X-CUBE-DISPLAY.2.2.0
2025-10-20 20:06:11,284 [WARN] PackLoader:240 - Cannot read IP mode file for STMicroelectronics.X-CUBE-TOF1.3.2.0
2025-10-20 20:06:11,292 [WARN] PackLoader:240 - Cannot read IP mode file for STMicroelectronics.X-CUBE-TOUCHGFX.4.18.1
2025-10-20 20:06:11,297 [WARN] PackLoader:240 - Cannot read IP mode file for STMicroelectronics.X-CUBE-ISPU.1.0.0
2025-10-20 20:06:11,305 [WARN] PackLoader:240 - Cannot read IP mode file for STMicroelectronics.X-CUBE-NFC9.1.0.0
2025-10-20 20:06:11,324 [WARN] PackLoader:240 - Cannot read IP mode file for STMicroelectronics.X-CUBE-AZRTOS-H7.2.1.0
2025-10-20 20:06:11,334 [WARN] PackLoader:240 - Cannot read IP mode file for STMicroelectronics.X-CUBE-BLE1.7.1.0
2025-10-20 20:06:11,341 [WARN] PackLoader:240 - Cannot read IP mode file for STMicroelectronics.X-CUBE-TCPP.4.1.0
2025-10-20 20:06:11,348 [WARN] PackLoader:240 - Cannot read IP mode file for STMicroelectronics.X-CUBE-EEPRMA1.5.2.0
2025-10-20 20:06:11,353 [WARN] PackLoader:240 - Cannot read IP mode file for STMicroelectronics.X-CUBE-TOUCHGFX.4.21.1
2025-10-20 20:06:11,357 [WARN] PackLoader:240 - Cannot read IP mode file for STMicroelectronics.X-CUBE-TOUCHGFX.4.21.0
2025-10-20 20:06:11,362 [WARN] PackLoader:240 - Cannot read IP mode file for STMicroelectronics.X-CUBE-TOUCHGFX.4.21.3
2025-10-20 20:06:11,367 [WARN] PackLoader:240 - Cannot read IP mode file for STMicroelectronics.X-CUBE-TOUCHGFX.4.21.4
2025-10-20 20:06:11,405 [WARN] PackLoader:240 - Cannot read IP mode file for STMicroelectronics.X-CUBE-MEMS1.9.4.0
2025-10-20 20:06:11,513 [WARN] PackLoader:240 - Cannot read IP mode file for STMicroelectronics.X-CUBE-AI.7.3.0
2025-10-20 20:06:11,520 [WARN] PackLoader:240 - Cannot read IP mode file for STMicroelectronics.X-CUBE-ST67W61.1.1.0
2025-10-20 20:06:11,526 [WARN] PackLoader:240 - Cannot read IP mode file for STMicroelectronics.X-CUBE-AI.10.1.0
2025-10-20 20:06:11,533 [WARN] PackLoader:240 - Cannot read IP mode file for STMicroelectronics.X-CUBE-ALGOBUILD.1.3.0
2025-10-20 20:06:11,590 [WARN] PackLoader:240 - Cannot read IP mode file for STMicroelectronics.X-CUBE-MEMS1.11.2.0
2025-10-20 20:06:11,710 [WARN] PackLoader:240 - Cannot read IP mode file for STMicroelectronics.X-CUBE-AZRTOS-G0.1.1.0
2025-10-20 20:06:11,721 [WARN] PackLoader:240 - Cannot read IP mode file for STMicroelectronics.X-CUBE-SAFEA1.1.2.2
2025-10-20 20:06:11,732 [WARN] PackLoader:240 - Cannot read IP mode file for STMicroelectronics.X-CUBE-NFC4.3.0.0
2025-10-20 20:06:11,772 [WARN] PackLoader:240 - Cannot read IP mode file for SEGGER.I-CUBE-embOS.1.2.0
2025-10-20 20:06:11,819 [WARN] PackLoader:240 - Cannot read IP mode file for wolfSSL.I-CUBE-wolfMQTT.1.18.0
2025-10-20 20:06:11,830 [WARN] PackLoader:240 - Cannot read IP mode file for EmbeddedOffice.I-CUBE-FS-RTOS.1.0.1
2025-10-20 20:06:11,835 [WARN] PackLoader:240 - Cannot read IP mode file for STMicroelectronics.X-CUBE-DISPLAY.2.1.0
2025-10-20 20:06:11,846 [WARN] PackLoader:240 - Cannot read IP mode file for STMicroelectronics.X-CUBE-WB05N.2.0.0
2025-10-20 20:06:11,872 [WARN] PackLoader:240 - Cannot read IP mode file for STMicroelectronics.X-CUBE-BLEMGR.3.0.0
2025-10-20 20:06:11,888 [WARN] PackLoader:240 - Cannot read IP mode file for STMicroelectronics.X-CUBE-BLEMGR.1.3.0
2025-10-20 20:06:11,901 [WARN] PackLoader:240 - Cannot read IP mode file for STMicroelectronics.X-CUBE-TCPP.4.2.0
2025-10-20 20:06:11,917 [WARN] PackLoader:240 - Cannot read IP mode file for RealThread.X-CUBE-RT-Thread_Nano.4.1.1
2025-10-20 20:06:11,922 [WARN] PackLoader:240 - Cannot read IP mode file for wolfSSL.I-CUBE-wolfSSL.5.7.0
2025-10-20 20:06:11,956 [WARN] PackLoader:240 - Cannot read IP mode file for STMicroelectronics.X-CUBE-AZRTOS-H7.2.0.0
2025-10-20 20:06:11,971 [WARN] PackLoader:240 - Cannot read IP mode file for STMicroelectronics.FP-ATR-SIGFOX1.3.2.0
2025-10-20 20:06:11,979 [WARN] ConditionMgr:438 - getConditionDescription Invalid condition id : Cortex-A Device cause : null
2025-10-20 20:06:12,005 [WARN] ConditionMgr:1044 - genDependencies : Invalid condition id : Cortex-A Device cause : null
2025-10-20 20:06:12,006 [WARN] ConditionMgr:1044 - genDependencies : Invalid condition id : Cortex-A Device cause : null
2025-10-20 20:06:12,008 [WARN] ConditionMgr:1044 - genDependencies : Invalid condition id : Cortex-A Device cause : null
2025-10-20 20:06:12,017 [WARN] PackLoader:240 - Cannot read IP mode file for STMicroelectronics.X-CUBE-EEPRMA1.5.1.0
2025-10-20 20:06:12,027 [WARN] PackLoader:240 - Cannot read IP mode file for emotas.I-CUBE-CANOPEN.1.1.2
2025-10-20 20:06:12,034 [WARN] PackLoader:240 - Cannot read IP mode file for STMicroelectronics.X-CUBE-TOUCHGFX.4.20.0
2025-10-20 20:06:12,109 [WARN] PackLoader:240 - Cannot read IP mode file for wolfSSL.I-CUBE-wolfSSL.5.7.6
2025-10-20 20:06:12,122 [WARN] PackLoader:240 - Cannot read IP mode file for ITTIA_DB.I-CUBE-ITTIADB.8.9.0
2025-10-20 20:06:12,160 [WARN] PackLoader:240 - Cannot read IP mode file for STMicroelectronics.X-CUBE-MEMS1.9.5.0
2025-10-20 20:06:12,283 [WARN] PackLoader:240 - Cannot read IP mode file for STMicroelectronics.X-CUBE-ST67W61.1.0.0
2025-10-20 20:06:12,288 [WARN] PackLoader:240 - Cannot read IP mode file for STMicroelectronics.X-CUBE-AI.10.2.0
2025-10-20 20:06:12,316 [WARN] PackLoader:240 - Cannot read IP mode file for SEGGER.I-CUBE-embOS.1.3.1
2025-10-20 20:06:12,363 [WARN] PackLoader:240 - Cannot read IP mode file for STMicroelectronics.X-CUBE-ALGOBUILD.1.4.0
2025-10-20 20:06:12,420 [WARN] PackLoader:240 - Cannot read IP mode file for STMicroelectronics.X-CUBE-MEMS1.11.3.0
2025-10-20 20:06:12,540 [WARN] PackLoader:240 - Cannot read IP mode file for STMicroelectronics.X-CUBE-DISPLAY.2.0.1
2025-10-20 20:06:12,546 [WARN] PackLoader:240 - Cannot read IP mode file for STMicroelectronics.X-CUBE-AI.9.1.0
2025-10-20 20:06:12,552 [WARN] PackLoader:240 - Cannot read IP mode file for STMicroelectronics.X-CUBE-TOF1.3.0.0
2025-10-20 20:06:12,562 [WARN] PackLoader:240 - Cannot read IP mode file for STMicroelectronics.X-CUBE-PM33A1.1.0.0
2025-10-20 20:06:12,568 [WARN] PackLoader:240 - Cannot read IP mode file for STMicroelectronics.X-CUBE-GNSS1.6.0.0
2025-10-20 20:06:12,586 [WARN] PackLoader:240 - Cannot read IP mode file for STMicroelectronics.X-CUBE-AZRTOS-F4.1.1.0
2025-10-20 20:06:12,594 [WARN] PackLoader:240 - Cannot read IP mode file for wolfSSL.I-CUBE-wolfSSL.5.6.3
2025-10-20 20:06:12,599 [WARN] PackLoader:240 - Cannot read IP mode file for Avnet-IotConnect.X-CUBE-IoTC-DA16k-PMOD.1.0.0
2025-10-20 20:06:12,603 [WARN] PackLoader:240 - Cannot read IP mode file for STMicroelectronics.X-CUBE-ISPU.2.1.0
2025-10-20 20:06:12,618 [WARN] PackLoader:240 - Cannot read IP mode file for STMicroelectronics.X-CUBE-IPS.3.2.0
2025-10-20 20:06:12,632 [WARN] PackLoader:240 - Cannot read IP mode file for STMicroelectronics.X-CUBE-FREERTOS.1.2.0
2025-10-20 20:06:12,641 [WARN] PackLoader:240 - Cannot read IP mode file for STMicroelectronics.X-CUBE-NFC12.1.0.0
2025-10-20 20:06:12,650 [WARN] PackLoader:240 - Cannot read IP mode file for STMicroelectronics.X-CUBE-BLEMGR.1.2.0
2025-10-20 20:06:12,683 [WARN] PackLoader:240 - Cannot read IP mode file for STMicroelectronics.X-CUBE-AZRTOS-L5.2.0.0
2025-10-20 20:06:12,725 [WARN] PackLoader:240 - Cannot read IP mode file for STMicroelectronics.X-CUBE-MEMS1.9.6.0
2025-10-20 20:06:12,849 [WARN] PackLoader:240 - Cannot read IP mode file for STMicroelectronics.X-CUBE-EEPRMA1.4.2.0
2025-10-20 20:06:12,859 [WARN] PackLoader:240 - Cannot read IP mode file for STMicroelectronics.X-CUBE-NFC6.3.1.0
2025-10-20 20:06:12,866 [WARN] PackLoader:240 - Cannot read IP mode file for ITTIA_DB.I-CUBE-ITTIADB.8.8.0
2025-10-20 20:06:12,873 [WARN] PackLoader:240 - Cannot read IP mode file for STMicroelectronics.X-CUBE-BLEMGR.2.0.0
2025-10-20 20:06:12,881 [WARN] PackLoader:240 - Cannot read IP mode file for STMicroelectronics.X-CUBE-DPower.1.2.0
2025-10-20 20:06:12,886 [WARN] PackLoader:240 - Cannot read IP mode file for STMicroelectronics.X-CUBE-NFC4.2.0.5
2025-10-20 20:06:12,892 [WARN] PackLoader:240 - Cannot read IP mode file for STMicroelectronics.X-CUBE-NFC4.2.0.4
2025-10-20 20:06:12,899 [WARN] PackLoader:240 - Cannot read IP mode file for STMicroelectronics.X-CUBE-NFC4.2.0.3
2025-10-20 20:06:12,903 [WARN] PackLoader:240 - Cannot read IP mode file for STMicroelectronics.X-CUBE-AI.9.0.0
2025-10-20 20:06:12,925 [WARN] ConditionMgr:438 - getConditionDescription Invalid condition id : UX DEVICE CLASS RTOS Condition cause : null
2025-10-20 20:06:12,925 [WARN] ConditionMgr:438 - getConditionDescription Invalid condition id : UX DEVICE CLASS RTOS Condition cause : null
2025-10-20 20:06:12,928 [WARN] PackLoader:240 - Cannot read IP mode file for STMicroelectronics.X-CUBE-AZRTOS-H7.3.1.0
2025-10-20 20:06:12,929 [WARN] ConditionMgr:1044 - genDependencies : Invalid condition id : UX DEVICE CLASS RTOS Condition cause : null
2025-10-20 20:06:12,929 [WARN] ConditionMgr:1044 - genDependencies : Invalid condition id : UX DEVICE CLASS RTOS Condition cause : null
2025-10-20 20:06:12,930 [WARN] ConditionMgr:1044 - genDependencies : Invalid condition id : UX DEVICE CLASS RTOS Condition cause : null
2025-10-20 20:06:12,930 [WARN] ConditionMgr:1044 - genDependencies : Invalid condition id : UX DEVICE CLASS RTOS Condition cause : null
2025-10-20 20:06:12,930 [WARN] ConditionMgr:1044 - genDependencies : Invalid condition id : UX DEVICE CLASS RTOS Condition cause : null
2025-10-20 20:06:12,937 [WARN] PackLoader:240 - Cannot read IP mode file for STMicroelectronics.X-CUBE-SFXS2LP1.3.1.0
2025-10-20 20:06:12,954 [WARN] PackLoader:240 - Cannot read IP mode file for STMicroelectronics.X-CUBE-AZRTOS-F4.1.0.0
2025-10-20 20:06:12,962 [WARN] PackLoader:240 - Cannot read IP mode file for STMicroelectronics.X-CUBE-FREERTOS.1.3.1
2025-10-20 20:06:12,968 [WARN] PackLoader:240 - Cannot read IP mode file for STMicroelectronics.X-CUBE-FREERTOS.1.3.0
2025-10-20 20:06:12,976 [WARN] PackLoader:240 - Cannot read IP mode file for STMicroelectronics.X-CUBE-NFC7.1.0.1
2025-10-20 20:06:12,981 [WARN] PackLoader:240 - Cannot read IP mode file for STMicroelectronics.X-CUBE-NFC7.1.0.0
2025-10-20 20:06:12,986 [WARN] PackLoader:240 - Cannot read IP mode file for wolfSSL.I-CUBE-wolfTPM.3.2.0
2025-10-20 20:06:12,990 [WARN] PackLoader:240 - Cannot read IP mode file for STMicroelectronics.X-CUBE-TOUCHGFX.4.26.0
2025-10-20 20:06:12,996 [WARN] PackLoader:240 - Cannot read IP mode file for STMicroelectronics.X-CUBE-NFC6.3.0.0
2025-10-20 20:06:13,002 [WARN] PackLoader:240 - Cannot read IP mode file for STMicroelectronics.X-CUBE-EEPRMA1.4.1.0
2025-10-20 20:06:13,009 [WARN] PackLoader:240 - Cannot read IP mode file for STMicroelectronics.FP-SNS-STAIOTCFT.1.0.0
2025-10-20 20:06:13,014 [WARN] PackLoader:240 - Cannot read IP mode file for STMicroelectronics.X-CUBE-DPower.1.3.0
2025-10-20 20:06:13,022 [WARN] PackLoader:240 - Cannot read IP mode file for STMicroelectronics.X-CUBE-AI.8.1.0
2025-10-20 20:06:13,082 [WARN] PackLoader:240 - Cannot read IP mode file for STMicroelectronics.X-CUBE-AZRTOS-G0.1.0.0
2025-10-20 20:06:13,113 [WARN] ConditionMgr:438 - getConditionDescription Invalid condition id : LAN8742 Phy interface Condition cause : null
2025-10-20 20:06:13,115 [WARN] PackLoader:240 - Cannot read IP mode file for STMicroelectronics.X-CUBE-AZRTOS-L4.2.0.0
2025-10-20 20:06:13,116 [WARN] ConditionMgr:1044 - genDependencies : Invalid condition id : LAN8742 Phy interface Condition cause : null
2025-10-20 20:06:13,117 [WARN] ConditionMgr:1044 - genDependencies : Invalid condition id : LAN8742 Phy interface Condition cause : null
2025-10-20 20:06:13,118 [WARN] ConditionMgr:1044 - genDependencies : Invalid condition id : LAN8742 Phy interface Condition cause : null
2025-10-20 20:06:13,128 [WARN] PackLoader:240 - Cannot read IP mode file for STMicroelectronics.X-CUBE-SFXS2LP1.4.0.0
2025-10-20 20:06:13,152 [WARN] PackLoader:240 - Cannot read IP mode file for STMicroelectronics.X-CUBE-AZRTOS-H7.3.0.0
2025-10-20 20:06:13,163 [WARN] PackLoader:240 - Cannot read IP mode file for STMicroelectronics.X-CUBE-ISPU.1.1.0
2025-10-20 20:06:13,184 [WARN] PackLoader:240 - Cannot read IP mode file for STMicroelectronics.X-CUBE-AZRTOS-H7.3.3.0
2025-10-20 20:06:13,204 [WARN] PackLoader:240 - Cannot read IP mode file for RoweBots.I-CUBE-UNISONRTOS.5.5.0-4
2025-10-20 20:06:13,220 [WARN] PackLoader:240 - Cannot read IP mode file for STMicroelectronics.X-CUBE-BLEMGR.4.1.0
2025-10-20 20:06:13,236 [WARN] PackLoader:240 - Cannot read IP mode file for STMicroelectronics.X-CUBE-AI.8.0.0
2025-10-20 20:06:13,249 [WARN] PackLoader:240 - Cannot read IP mode file for STMicroelectronics.X-CUBE-IPS.3.0.0
2025-10-20 20:06:13,267 [WARN] ConditionMgr:438 - getConditionDescription Invalid condition id : UX DEVICE CLASS RTOS Condition cause : null
2025-10-20 20:06:13,267 [WARN] ConditionMgr:438 - getConditionDescription Invalid condition id : UX DEVICE CLASS RTOS Condition cause : null
2025-10-20 20:06:13,269 [WARN] PackLoader:240 - Cannot read IP mode file for STMicroelectronics.X-CUBE-AZRTOS-WB.2.0.0
2025-10-20 20:06:13,270 [WARN] ConditionMgr:1044 - genDependencies : Invalid condition id : UX DEVICE CLASS RTOS Condition cause : null
2025-10-20 20:06:13,270 [WARN] ConditionMgr:1044 - genDependencies : Invalid condition id : UX DEVICE CLASS RTOS Condition cause : null
2025-10-20 20:06:13,270 [WARN] ConditionMgr:1044 - genDependencies : Invalid condition id : UX DEVICE CLASS RTOS Condition cause : null
2025-10-20 20:06:13,271 [WARN] ConditionMgr:1044 - genDependencies : Invalid condition id : UX DEVICE CLASS RTOS Condition cause : null
2025-10-20 20:06:13,271 [WARN] ConditionMgr:1044 - genDependencies : Invalid condition id : UX DEVICE CLASS RTOS Condition cause : null
2025-10-20 20:06:13,279 [WARN] PackLoader:240 - Cannot read IP mode file for STMicroelectronics.X-CUBE-FREERTOS.1.0.0
2025-10-20 20:06:13,283 [WARN] PackLoader:240 - Cannot read IP mode file for STMicroelectronics.X-CUBE-FREERTOS.1.0.1
2025-10-20 20:06:13,287 [WARN] PackLoader:240 - Cannot read IP mode file for STMicroelectronics.X-CUBE-GNSS1.7.0.0
2025-10-20 20:06:13,296 [WARN] PackLoader:240 - Cannot read IP mode file for STMicroelectronics.X-CUBE-GNSS1.7.0.1
2025-10-20 20:06:13,306 [WARN] PackLoader:240 - Cannot read IP mode file for STMicroelectronics.X-CUBE-BLEMGR.1.0.0
2025-10-20 20:06:13,311 [WARN] PackLoader:240 - Cannot read IP mode file for STMicroelectronics.X-CUBE-TOUCHGFX.4.25.0
2025-10-20 20:06:13,317 [WARN] PackLoader:240 - Cannot read IP mode file for STMicroelectronics.FP-SNS-STBOX1.2.0.0
2025-10-20 20:06:13,331 [WARN] PackLoader:240 - Cannot read IP mode file for STMicroelectronics.X-CUBE-AZRTOS-L5.1.1.0
2025-10-20 20:06:13,337 [WARN] PackLoader:240 - Cannot read IP mode file for STMicroelectronics.X-CUBE-AI.8.0.1
2025-10-20 20:06:13,346 [WARN] PackLoader:240 - Cannot read IP mode file for STMicroelectronics.X-CUBE-SUBG2.5.0.0
2025-10-20 20:06:13,371 [WARN] PackLoader:240 - Cannot read IP mode file for STMicroelectronics.X-CUBE-AZRTOS-H7RS.1.1.0
2025-10-20 20:06:13,379 [WARN] PackLoader:240 - Cannot read IP mode file for Cesanta.I-CUBE-Mongoose.7.13.0
2025-10-20 20:06:13,391 [WARN] PackLoader:240 - Cannot read IP mode file for STMicroelectronics.X-CUBE-TOF1.3.3.1
2025-10-20 20:06:13,412 [WARN] PackLoader:240 - Cannot read IP mode file for STMicroelectronics.X-CUBE-AZRTOS-G4.2.0.0
2025-10-20 20:06:13,422 [WARN] PackLoader:240 - Cannot read IP mode file for STMicroelectronics.X-CUBE-TOF1.3.3.0
2025-10-20 20:06:13,433 [WARN] PackLoader:240 - Cannot read IP mode file for STMicroelectronics.FP-ATR-ASTRA1.1.1.1
2025-10-20 20:06:13,444 [WARN] PackLoader:240 - Cannot read IP mode file for Infineon.AIROC-Wi-Fi-Bluetooth-STM32.1.5.1
2025-10-20 20:06:13,450 [WARN] PackLoader:240 - Cannot read IP mode file for STMicroelectronics.FP-ATR-ASTRA1.1.1.0
2025-10-20 20:06:13,454 [WARN] PackLoader:240 - Cannot read IP mode file for STMicroelectronics.FP-SNS-MOTENVWB1.1.3.0
2025-10-20 20:06:13,460 [WARN] PackLoader:240 - Cannot read IP mode file for STMicroelectronics.X-CUBE-NFC7.2.0.0
2025-10-20 20:06:13,464 [WARN] PackLoader:240 - Cannot read IP mode file for STMicroelectronics.FP-SNS-MOTENVWB1.1.3.1
2025-10-20 20:06:13,476 [WARN] PackLoader:240 - Cannot read IP mode file for STMicroelectronics.X-CUBE-AZRTOS-G4.1.0.0
2025-10-20 20:06:13,502 [WARN] PackLoader:240 - Cannot read IP mode file for STMicroelectronics.X-CUBE-AZRTOS-L4.1.0.0
2025-10-20 20:06:13,508 [WARN] PackLoader:240 - Cannot read IP mode file for STMicroelectronics.X-CUBE-ISPU.2.0.0
2025-10-20 20:06:13,523 [WARN] PackLoader:240 - Cannot read IP mode file for STMicroelectronics.X-CUBE-IPS.3.1.0
2025-10-20 20:06:13,535 [WARN] PackLoader:240 - Cannot read IP mode file for STMicroelectronics.X-CUBE-ALS.1.0.2
2025-10-20 20:06:13,571 [WARN] PackLoader:240 - Cannot read IP mode file for STMicroelectronics.X-CUBE-MEMS1.10.0.0
2025-10-20 20:06:13,685 [WARN] PackLoader:240 - Cannot read IP mode file for STMicroelectronics.X-CUBE-FREERTOS.1.1.0
2025-10-20 20:06:13,689 [WARN] PackLoader:240 - Cannot read IP mode file for STMicroelectronics.X-CUBE-TOUCHGFX.4.24.0
2025-10-20 20:06:13,703 [WARN] PackLoader:240 - Cannot read IP mode file for STMicroelectronics.X-CUBE-AZRTOS-F7.1.0.0
2025-10-20 20:06:13,710 [WARN] PackLoader:240 - Cannot read IP mode file for STMicroelectronics.X-CUBE-TOUCHGFX.4.24.2
2025-10-20 20:06:13,720 [WARN] PackLoader:240 - Cannot read IP mode file for STMicroelectronics.X-CUBE-AZRTOS-WL.1.0.0
2025-10-20 20:06:13,725 [WARN] PackLoader:240 - Cannot read IP mode file for STMicroelectronics.X-CUBE-TOUCHGFX.4.24.1
2025-10-20 20:06:13,735 [WARN] PackLoader:240 - Cannot read IP mode file for STMicroelectronics.X-CUBE-STSE01.1.0.0
2025-10-20 20:06:13,785 [WARN] PackLoader:240 - Cannot read IP mode file for STMicroelectronics.X-CUBE-MEMS1.9.1.0
2025-10-20 20:06:13,969 [WARN] PackLoader:240 - Cannot read IP mode file for wolfSSL.I-CUBE-wolfTPM.3.4.0
2025-10-20 20:06:13,981 [WARN] PackLoader:240 - Cannot read IP mode file for portGmbH.I-Cube-SoM-uGOAL.1.1.0
2025-10-20 20:06:13,985 [WARN] PackLoader:240 - Cannot read IP mode file for STMicroelectronics.X-CUBE-ALS.1.0.1
2025-10-20 20:06:13,998 [WARN] PackLoader:240 - Cannot read IP mode file for STMicroelectronics.X-CUBE-AZRTOS-WB.1.1.0
2025-10-20 20:06:14,013 [WARN] PackLoader:240 - Cannot read IP mode file for STMicroelectronics.X-CUBE-AZRTOS-L5.1.0.0
2025-10-20 20:06:14,019 [WARN] PackLoader:240 - Cannot read IP mode file for STMicroelectronics.X-CUBE-EEPRMA1.3.1.1
2025-10-20 20:06:14,036 [WARN] PackLoader:240 - Cannot read IP mode file for STMicroelectronics.X-CUBE-AZRTOS-H7RS.1.0.0
2025-10-20 20:06:14,046 [WARN] PackLoader:240 - Cannot read IP mode file for STMicroelectronics.X-CUBE-GNSS1.5.2.0
2025-10-20 20:06:14,052 [WARN] PackLoader:240 - Cannot read IP mode file for STMicroelectronics.FP-ATR-ASTRA1.2.0.0
2025-10-20 20:06:14,063 [WARN] PackLoader:240 - Cannot read IP mode file for STMicroelectronics.X-CUBE-TOF1.3.4.2
2025-10-20 20:06:14,086 [WARN] PackLoader:240 - Cannot read IP mode file for STMicroelectronics.X-CUBE-TOF1.3.4.3
2025-10-20 20:06:14,106 [WARN] PackLoader:240 - Cannot read IP mode file for STMicroelectronics.X-CUBE-TOF1.3.4.0
2025-10-20 20:06:14,137 [WARN] PackLoader:240 - Cannot read IP mode file for STMicroelectronics.X-CUBE-TOF1.3.4.1
2025-10-20 20:06:14,185 [WARN] PackLoader:240 - Cannot read IP mode file for STMicroelectronics.X-CUBE-AZRTOS-H7.3.2.0
2025-10-20 20:06:14,207 [WARN] PackLoader:240 - Cannot read IP mode file for Infineon.AIROC-Wi-Fi-Bluetooth-STM32.1.6.0
2025-10-20 20:06:14,218 [WARN] PackLoader:240 - Cannot read IP mode file for wolfSSL.I-CUBE-wolfSSH.1.4.17
2025-10-20 20:06:14,219 [INFO] ThirdParty:978 - Integrity check success = true
2025-10-20 20:06:14,219 [INFO] IntegrityCheckThread:100 - exiting critical section [integrity check]
2025-10-20 20:06:14,220 [INFO] IntegrityCheckThread:103 - End integrity checks thread
